<?xml version="1.0" encoding="UTF-8"?>
<coverage generated="1759420438">
  <project timestamp="1759420438">
    <file name="/home/runner/work/wp-module-next-steps/wp-module-next-steps/includes/DTOs/Plan.php">
      <class name="NewfoldLabs\WP\Module\NextSteps\DTOs\Plan" namespace="global">
        <metrics complexity="64" methods="26" coveredmethods="13" conditionals="0" coveredconditionals="0" statements="146" coveredstatements="105" elements="172" coveredelements="118"/>
      </class>
      <line num="59" type="method" name="__construct" visibility="public" complexity="6" crap="6.03" count="62"/>
      <line num="60" type="stmt" count="62"/>
      <line num="61" type="stmt" count="62"/>
      <line num="62" type="stmt" count="62"/>
      <line num="63" type="stmt" count="62"/>
      <line num="64" type="stmt" count="62"/>
      <line num="65" type="stmt" count="62"/>
      <line num="68" type="stmt" count="62"/>
      <line num="69" type="stmt" count="62"/>
      <line num="70" type="stmt" count="59"/>
      <line num="71" type="stmt" count="0"/>
      <line num="73" type="stmt" count="59"/>
      <line num="84" type="method" name="to_array" visibility="public" complexity="1" crap="1" count="47"/>
      <line num="85" type="stmt" count="47"/>
      <line num="86" type="stmt" count="47"/>
      <line num="87" type="stmt" count="47"/>
      <line num="88" type="stmt" count="47"/>
      <line num="89" type="stmt" count="47"/>
      <line num="90" type="stmt" count="47"/>
      <line num="91" type="stmt" count="47"/>
      <line num="92" type="stmt" count="47"/>
      <line num="93" type="stmt" count="47"/>
      <line num="94" type="stmt" count="47"/>
      <line num="95" type="stmt" count="47"/>
      <line num="96" type="stmt" count="47"/>
      <line num="97" type="stmt" count="47"/>
      <line num="108" type="method" name="merge_with" visibility="public" complexity="5" crap="5" count="9"/>
      <line num="109" type="stmt" count="9"/>
      <line num="111" type="stmt" count="9"/>
      <line num="112" type="stmt" count="9"/>
      <line num="116" type="stmt" count="9"/>
      <line num="117" type="stmt" count="9"/>
      <line num="119" type="stmt" count="9"/>
      <line num="120" type="stmt" count="9"/>
      <line num="121" type="stmt" count="8"/>
      <line num="122" type="stmt" count="8"/>
      <line num="123" type="stmt" count="8"/>
      <line num="126" type="stmt" count="9"/>
      <line num="127" type="stmt" count="8"/>
      <line num="129" type="stmt" count="1"/>
      <line num="132" type="stmt" count="9"/>
      <line num="133" type="stmt" count="9"/>
      <line num="134" type="stmt" count="9"/>
      <line num="135" type="stmt" count="9"/>
      <line num="136" type="stmt" count="9"/>
      <line num="137" type="stmt" count="9"/>
      <line num="138" type="stmt" count="9"/>
      <line num="147" type="method" name="from_array" visibility="public" complexity="1" crap="1" count="5"/>
      <line num="148" type="stmt" count="5"/>
      <line num="158" type="method" name="add_track" visibility="public" complexity="3" crap="12" count="0"/>
      <line num="160" type="stmt" count="0"/>
      <line num="161" type="stmt" count="0"/>
      <line num="162" type="stmt" count="0"/>
      <line num="166" type="stmt" count="0"/>
      <line num="167" type="stmt" count="0"/>
      <line num="176" type="method" name="remove_track" visibility="public" complexity="3" crap="12" count="0"/>
      <line num="177" type="stmt" count="0"/>
      <line num="178" type="stmt" count="0"/>
      <line num="179" type="stmt" count="0"/>
      <line num="180" type="stmt" count="0"/>
      <line num="181" type="stmt" count="0"/>
      <line num="184" type="stmt" count="0"/>
      <line num="193" type="method" name="get_track" visibility="public" complexity="3" crap="3" count="13"/>
      <line num="194" type="stmt" count="13"/>
      <line num="195" type="stmt" count="13"/>
      <line num="196" type="stmt" count="10"/>
      <line num="199" type="stmt" count="3"/>
      <line num="209" type="method" name="get_section" visibility="public" complexity="2" crap="2.06" count="3"/>
      <line num="210" type="stmt" count="3"/>
      <line num="211" type="stmt" count="3"/>
      <line num="212" type="stmt" count="3"/>
      <line num="214" type="stmt" count="0"/>
      <line num="225" type="method" name="get_task" visibility="public" complexity="2" crap="2" count="6"/>
      <line num="226" type="stmt" count="6"/>
      <line num="227" type="stmt" count="6"/>
      <line num="228" type="stmt" count="5"/>
      <line num="230" type="stmt" count="1"/>
      <line num="239" type="method" name="get_all_sections" visibility="public" complexity="2" crap="6" count="0"/>
      <line num="240" type="stmt" count="0"/>
      <line num="241" type="stmt" count="0"/>
      <line num="242" type="stmt" count="0"/>
      <line num="244" type="stmt" count="0"/>
      <line num="252" type="method" name="get_all_tasks" visibility="public" complexity="2" crap="6" count="0"/>
      <line num="253" type="stmt" count="0"/>
      <line num="254" type="stmt" count="0"/>
      <line num="255" type="stmt" count="0"/>
      <line num="257" type="stmt" count="0"/>
      <line num="265" type="method" name="get_completion_percentage" visibility="public" complexity="3" crap="3.04" count="4"/>
      <line num="266" type="stmt" count="4"/>
      <line num="267" type="stmt" count="0"/>
      <line num="270" type="stmt" count="4"/>
      <line num="271" type="stmt" count="4"/>
      <line num="272" type="stmt" count="4"/>
      <line num="275" type="stmt" count="4"/>
      <line num="283" type="method" name="is_completed" visibility="public" complexity="1" crap="2" count="0"/>
      <line num="284" type="stmt" count="0"/>
      <line num="292" type="method" name="get_completed_tasks_count" visibility="public" complexity="2" crap="2" count="4"/>
      <line num="293" type="stmt" count="4"/>
      <line num="294" type="stmt" count="4"/>
      <line num="295" type="stmt" count="4"/>
      <line num="297" type="stmt" count="4"/>
      <line num="305" type="method" name="get_total_tasks_count" visibility="public" complexity="2" crap="2" count="4"/>
      <line num="306" type="stmt" count="4"/>
      <line num="307" type="stmt" count="4"/>
      <line num="308" type="stmt" count="4"/>
      <line num="310" type="stmt" count="4"/>
      <line num="318" type="method" name="get_completed_tracks_count" visibility="public" complexity="1" crap="1" count="4"/>
      <line num="319" type="stmt" count="4"/>
      <line num="320" type="stmt" count="4"/>
      <line num="321" type="stmt" count="4"/>
      <line num="322" type="stmt" count="4"/>
      <line num="323" type="stmt" count="4"/>
      <line num="324" type="stmt" count="4"/>
      <line num="325" type="stmt" count="4"/>
      <line num="326" type="stmt" count="4"/>
      <line num="334" type="method" name="get_total_tracks_count" visibility="public" complexity="1" crap="1" count="4"/>
      <line num="335" type="stmt" count="4"/>
      <line num="343" type="method" name="get_completed_sections_count" visibility="public" complexity="2" crap="2" count="4"/>
      <line num="344" type="stmt" count="4"/>
      <line num="345" type="stmt" count="4"/>
      <line num="346" type="stmt" count="4"/>
      <line num="348" type="stmt" count="4"/>
      <line num="356" type="method" name="get_total_sections_count" visibility="public" complexity="2" crap="2" count="4"/>
      <line num="357" type="stmt" count="4"/>
      <line num="358" type="stmt" count="4"/>
      <line num="359" type="stmt" count="4"/>
      <line num="361" type="stmt" count="4"/>
      <line num="373" type="method" name="update_task_status" visibility="public" complexity="2" crap="2" count="3"/>
      <line num="374" type="stmt" count="3"/>
      <line num="375" type="stmt" count="3"/>
      <line num="376" type="stmt" count="1"/>
      <line num="379" type="stmt" count="2"/>
      <line num="390" type="method" name="update_section_open_state" visibility="public" complexity="2" crap="6" count="0"/>
      <line num="391" type="stmt" count="0"/>
      <line num="392" type="stmt" count="0"/>
      <line num="393" type="stmt" count="0"/>
      <line num="396" type="stmt" count="0"/>
      <line num="407" type="method" name="update_section_status" visibility="public" complexity="3" crap="3.21" count="1"/>
      <line num="408" type="stmt" count="1"/>
      <line num="409" type="stmt" count="1"/>
      <line num="410" type="stmt" count="0"/>
      <line num="413" type="stmt" count="1"/>
      <line num="415" type="stmt" count="1"/>
      <line num="416" type="stmt" count="0"/>
      <line num="419" type="stmt" count="1"/>
      <line num="430" type="method" name="update_section_open" visibility="public" complexity="3" crap="3.21" count="1"/>
      <line num="431" type="stmt" count="1"/>
      <line num="432" type="stmt" count="1"/>
      <line num="433" type="stmt" count="0"/>
      <line num="436" type="stmt" count="1"/>
      <line num="438" type="stmt" count="1"/>
      <line num="439" type="stmt" count="0"/>
      <line num="442" type="stmt" count="1"/>
      <line num="452" type="method" name="update_track_open_state" visibility="public" complexity="2" crap="2.06" count="2"/>
      <line num="453" type="stmt" count="2"/>
      <line num="454" type="stmt" count="2"/>
      <line num="455" type="stmt" count="0"/>
      <line num="458" type="stmt" count="2"/>
      <line num="466" type="method" name="is_version_outdated" visibility="public" complexity="3" crap="3" count="11"/>
      <line num="467" type="stmt" count="11"/>
      <line num="468" type="stmt" count="11"/>
      <line num="470" type="stmt" count="11"/>
      <line num="478" type="method" name="validate" visibility="public" complexity="5" crap="30" count="0"/>
      <line num="479" type="stmt" count="0"/>
      <line num="480" type="stmt" count="0"/>
      <line num="483" type="stmt" count="0"/>
      <line num="484" type="stmt" count="0"/>
      <line num="488" type="stmt" count="0"/>
      <line num="489" type="stmt" count="0"/>
      <line num="490" type="stmt" count="0"/>
      <line num="491" type="stmt" count="0"/>
      <line num="495" type="stmt" count="0"/>
      <metrics loc="498" ncloc="296" classes="1" methods="26" coveredmethods="13" conditionals="0" coveredconditionals="0" statements="146" coveredstatements="105" elements="172" coveredelements="118"/>
    </file>
    <file name="/home/runner/work/wp-module-next-steps/wp-module-next-steps/includes/DTOs/Section.php">
      <class name="NewfoldLabs\WP\Module\NextSteps\DTOs\Section" namespace="global">
        <metrics complexity="47" methods="22" coveredmethods="10" conditionals="0" coveredconditionals="0" statements="137" coveredstatements="99" elements="159" coveredelements="109"/>
      </class>
      <line num="108" type="method" name="__construct" visibility="public" complexity="5" crap="5.00" count="60"/>
      <line num="109" type="stmt" count="60"/>
      <line num="110" type="stmt" count="60"/>
      <line num="111" type="stmt" count="60"/>
      <line num="112" type="stmt" count="60"/>
      <line num="113" type="stmt" count="60"/>
      <line num="114" type="stmt" count="60"/>
      <line num="115" type="stmt" count="60"/>
      <line num="116" type="stmt" count="60"/>
      <line num="117" type="stmt" count="60"/>
      <line num="118" type="stmt" count="60"/>
      <line num="119" type="stmt" count="60"/>
      <line num="120" type="stmt" count="60"/>
      <line num="121" type="stmt" count="60"/>
      <line num="124" type="stmt" count="60"/>
      <line num="125" type="stmt" count="60"/>
      <line num="126" type="stmt" count="59"/>
      <line num="127" type="stmt" count="0"/>
      <line num="129" type="stmt" count="59"/>
      <line num="140" type="method" name="to_array" visibility="public" complexity="1" crap="1" count="48"/>
      <line num="141" type="stmt" count="48"/>
      <line num="142" type="stmt" count="48"/>
      <line num="143" type="stmt" count="48"/>
      <line num="144" type="stmt" count="48"/>
      <line num="145" type="stmt" count="48"/>
      <line num="146" type="stmt" count="48"/>
      <line num="147" type="stmt" count="48"/>
      <line num="148" type="stmt" count="48"/>
      <line num="149" type="stmt" count="48"/>
      <line num="150" type="stmt" count="48"/>
      <line num="151" type="stmt" count="48"/>
      <line num="152" type="stmt" count="48"/>
      <line num="153" type="stmt" count="48"/>
      <line num="154" type="stmt" count="48"/>
      <line num="155" type="stmt" count="48"/>
      <line num="156" type="stmt" count="47"/>
      <line num="157" type="stmt" count="48"/>
      <line num="158" type="stmt" count="48"/>
      <line num="159" type="stmt" count="48"/>
      <line num="160" type="stmt" count="48"/>
      <line num="171" type="method" name="merge_with" visibility="public" complexity="8" crap="8" count="9"/>
      <line num="172" type="stmt" count="9"/>
      <line num="174" type="stmt" count="9"/>
      <line num="175" type="stmt" count="9"/>
      <line num="177" type="stmt" count="9"/>
      <line num="178" type="stmt" count="9"/>
      <line num="180" type="stmt" count="9"/>
      <line num="181" type="stmt" count="9"/>
      <line num="184" type="stmt" count="9"/>
      <line num="185" type="stmt" count="9"/>
      <line num="187" type="stmt" count="8"/>
      <line num="188" type="stmt" count="8"/>
      <line num="189" type="stmt" count="8"/>
      <line num="190" type="stmt" count="8"/>
      <line num="191" type="stmt" count="8"/>
      <line num="194" type="stmt" count="8"/>
      <line num="195" type="stmt" count="8"/>
      <line num="197" type="stmt" count="0"/>
      <line num="200" type="stmt" count="9"/>
      <line num="201" type="stmt" count="9"/>
      <line num="202" type="stmt" count="8"/>
      <line num="203" type="stmt" count="9"/>
      <line num="204" type="stmt" count="9"/>
      <line num="205" type="stmt" count="9"/>
      <line num="206" type="stmt" count="9"/>
      <line num="215" type="method" name="from_array" visibility="public" complexity="1" crap="1" count="59"/>
      <line num="216" type="stmt" count="59"/>
      <line num="225" type="method" name="add_task" visibility="public" complexity="3" crap="12" count="0"/>
      <line num="227" type="stmt" count="0"/>
      <line num="228" type="stmt" count="0"/>
      <line num="229" type="stmt" count="0"/>
      <line num="233" type="stmt" count="0"/>
      <line num="234" type="stmt" count="0"/>
      <line num="235" type="stmt" count="0"/>
      <line num="244" type="method" name="remove_task" visibility="public" complexity="3" crap="12" count="0"/>
      <line num="245" type="stmt" count="0"/>
      <line num="246" type="stmt" count="0"/>
      <line num="247" type="stmt" count="0"/>
      <line num="248" type="stmt" count="0"/>
      <line num="249" type="stmt" count="0"/>
      <line num="252" type="stmt" count="0"/>
      <line num="261" type="method" name="get_task" visibility="public" complexity="3" crap="3" count="5"/>
      <line num="262" type="stmt" count="5"/>
      <line num="263" type="stmt" count="5"/>
      <line num="264" type="stmt" count="4"/>
      <line num="267" type="stmt" count="1"/>
      <line num="277" type="method" name="update_task_status" visibility="public" complexity="2" crap="2.06" count="2"/>
      <line num="278" type="stmt" count="2"/>
      <line num="279" type="stmt" count="2"/>
      <line num="280" type="stmt" count="2"/>
      <line num="282" type="stmt" count="0"/>
      <line num="291" type="method" name="update_status" visibility="public" complexity="3" crap="3.21" count="1"/>
      <line num="292" type="stmt" count="1"/>
      <line num="293" type="stmt" count="0"/>
      <line num="295" type="stmt" count="1"/>
      <line num="297" type="stmt" count="1"/>
      <line num="298" type="stmt" count="1"/>
      <line num="301" type="stmt" count="0"/>
      <line num="304" type="stmt" count="1"/>
      <line num="310" type="method" name="set_completed_now" visibility="public" complexity="1" crap="1" count="1"/>
      <line num="311" type="stmt" count="1"/>
      <line num="312" type="stmt" count="1"/>
      <line num="313" type="stmt" count="1"/>
      <line num="319" type="method" name="clear_completed_date" visibility="public" complexity="1" crap="2" count="0"/>
      <line num="320" type="stmt" count="0"/>
      <line num="321" type="stmt" count="0"/>
      <line num="328" type="method" name="sort_tasks" visibility="public" complexity="1" crap="2" count="0"/>
      <line num="329" type="stmt" count="0"/>
      <line num="330" type="stmt" count="0"/>
      <line num="331" type="stmt" count="0"/>
      <line num="332" type="stmt" count="0"/>
      <line num="333" type="stmt" count="0"/>
      <line num="334" type="stmt" count="0"/>
      <line num="342" type="method" name="get_completion_percentage" visibility="public" complexity="2" crap="2.01" count="4"/>
      <line num="343" type="stmt" count="4"/>
      <line num="344" type="stmt" count="0"/>
      <line num="347" type="stmt" count="4"/>
      <line num="348" type="stmt" count="4"/>
      <line num="349" type="stmt" count="4"/>
      <line num="350" type="stmt" count="4"/>
      <line num="351" type="stmt" count="4"/>
      <line num="352" type="stmt" count="4"/>
      <line num="354" type="stmt" count="4"/>
      <line num="362" type="method" name="is_completed" visibility="public" complexity="1" crap="1" count="4"/>
      <line num="363" type="stmt" count="4"/>
      <line num="371" type="method" name="get_completed_tasks_count" visibility="public" complexity="1" crap="1" count="4"/>
      <line num="372" type="stmt" count="4"/>
      <line num="373" type="stmt" count="4"/>
      <line num="374" type="stmt" count="4"/>
      <line num="375" type="stmt" count="4"/>
      <line num="376" type="stmt" count="4"/>
      <line num="377" type="stmt" count="4"/>
      <line num="378" type="stmt" count="4"/>
      <line num="379" type="stmt" count="4"/>
      <line num="387" type="method" name="get_total_tasks_count" visibility="public" complexity="1" crap="1" count="4"/>
      <line num="388" type="stmt" count="4"/>
      <line num="397" type="method" name="set_open" visibility="public" complexity="1" crap="1" count="1"/>
      <line num="398" type="stmt" count="1"/>
      <line num="399" type="stmt" count="1"/>
      <line num="408" type="method" name="set_status" visibility="public" complexity="1" crap="1" count="1"/>
      <line num="409" type="stmt" count="1"/>
      <line num="418" type="method" name="set_date_completed" visibility="public" complexity="1" crap="1" count="1"/>
      <line num="419" type="stmt" count="1"/>
      <line num="420" type="stmt" count="1"/>
      <line num="428" type="method" name="is_open" visibility="public" complexity="1" crap="2" count="0"/>
      <line num="429" type="stmt" count="0"/>
      <line num="437" type="method" name="toggle_open" visibility="public" complexity="1" crap="2" count="0"/>
      <line num="438" type="stmt" count="0"/>
      <line num="439" type="stmt" count="0"/>
      <line num="447" type="method" name="validate" visibility="public" complexity="5" crap="30" count="0"/>
      <line num="448" type="stmt" count="0"/>
      <line num="449" type="stmt" count="0"/>
      <line num="452" type="stmt" count="0"/>
      <line num="453" type="stmt" count="0"/>
      <line num="457" type="stmt" count="0"/>
      <line num="458" type="stmt" count="0"/>
      <line num="459" type="stmt" count="0"/>
      <line num="460" type="stmt" count="0"/>
      <line num="464" type="stmt" count="0"/>
      <metrics loc="467" ncloc="270" classes="1" methods="22" coveredmethods="10" conditionals="0" coveredconditionals="0" statements="137" coveredstatements="99" elements="159" coveredelements="109"/>
    </file>
    <file name="/home/runner/work/wp-module-next-steps/wp-module-next-steps/includes/DTOs/Task.php">
      <class name="NewfoldLabs\WP\Module\NextSteps\DTOs\Task" namespace="global">
        <metrics complexity="22" methods="13" coveredmethods="5" conditionals="0" coveredconditionals="0" statements="47" coveredstatements="27" elements="60" coveredelements="32"/>
      </class>
      <line num="73" type="method" name="__construct" visibility="public" complexity="1" crap="1" count="60"/>
      <line num="74" type="stmt" count="60"/>
      <line num="75" type="stmt" count="60"/>
      <line num="76" type="stmt" count="60"/>
      <line num="77" type="stmt" count="60"/>
      <line num="78" type="stmt" count="60"/>
      <line num="79" type="stmt" count="60"/>
      <line num="80" type="stmt" count="60"/>
      <line num="81" type="stmt" count="60"/>
      <line num="89" type="method" name="to_array" visibility="public" complexity="1" crap="1" count="48"/>
      <line num="90" type="stmt" count="48"/>
      <line num="91" type="stmt" count="48"/>
      <line num="92" type="stmt" count="48"/>
      <line num="93" type="stmt" count="48"/>
      <line num="94" type="stmt" count="48"/>
      <line num="95" type="stmt" count="48"/>
      <line num="96" type="stmt" count="48"/>
      <line num="97" type="stmt" count="48"/>
      <line num="98" type="stmt" count="48"/>
      <line num="99" type="stmt" count="48"/>
      <line num="110" type="method" name="merge_with" visibility="public" complexity="2" crap="2" count="9"/>
      <line num="111" type="stmt" count="9"/>
      <line num="113" type="stmt" count="9"/>
      <line num="114" type="stmt" count="9"/>
      <line num="116" type="stmt" count="9"/>
      <line num="125" type="method" name="from_array" visibility="public" complexity="1" crap="1" count="59"/>
      <line num="126" type="stmt" count="59"/>
      <line num="134" type="method" name="validate" visibility="public" complexity="5" crap="30" count="0"/>
      <line num="135" type="stmt" count="0"/>
      <line num="136" type="stmt" count="0"/>
      <line num="139" type="stmt" count="0"/>
      <line num="140" type="stmt" count="0"/>
      <line num="143" type="stmt" count="0"/>
      <line num="144" type="stmt" count="0"/>
      <line num="147" type="stmt" count="0"/>
      <line num="148" type="stmt" count="0"/>
      <line num="151" type="stmt" count="0"/>
      <line num="160" type="method" name="update_status" visibility="public" complexity="2" crap="2.06" count="2"/>
      <line num="161" type="stmt" count="2"/>
      <line num="162" type="stmt" count="0"/>
      <line num="165" type="stmt" count="2"/>
      <line num="166" type="stmt" count="2"/>
      <line num="175" type="method" name="set_data_attributes" visibility="public" complexity="1" crap="2" count="0"/>
      <line num="176" type="stmt" count="0"/>
      <line num="186" type="method" name="add_data_attribute" visibility="public" complexity="1" crap="2" count="0"/>
      <line num="187" type="stmt" count="0"/>
      <line num="196" type="method" name="remove_data_attribute" visibility="public" complexity="1" crap="2" count="0"/>
      <line num="197" type="stmt" count="0"/>
      <line num="205" type="method" name="get_formatted_data_attributes" visibility="public" complexity="3" crap="12" count="0"/>
      <line num="206" type="stmt" count="0"/>
      <line num="207" type="stmt" count="0"/>
      <line num="209" type="stmt" count="0"/>
      <line num="210" type="stmt" count="0"/>
      <line num="212" type="stmt" count="0"/>
      <line num="220" type="method" name="is_completed" visibility="public" complexity="1" crap="1" count="4"/>
      <line num="221" type="stmt" count="4"/>
      <line num="229" type="method" name="is_dismissed" visibility="public" complexity="1" crap="2" count="0"/>
      <line num="230" type="stmt" count="0"/>
      <line num="238" type="method" name="get_completion_percentage" visibility="public" complexity="2" crap="6" count="0"/>
      <line num="239" type="stmt" count="0"/>
      <metrics loc="242" ncloc="121" classes="1" methods="13" coveredmethods="5" conditionals="0" coveredconditionals="0" statements="47" coveredstatements="27" elements="60" coveredelements="32"/>
    </file>
    <file name="/home/runner/work/wp-module-next-steps/wp-module-next-steps/includes/DTOs/Track.php">
      <class name="NewfoldLabs\WP\Module\NextSteps\DTOs\Track" namespace="global">
        <metrics complexity="50" methods="22" coveredmethods="9" conditionals="0" coveredconditionals="0" statements="116" coveredstatements="76" elements="138" coveredelements="85"/>
      </class>
      <line num="52" type="method" name="__construct" visibility="public" complexity="5" crap="5.03" count="60"/>
      <line num="53" type="stmt" count="60"/>
      <line num="54" type="stmt" count="60"/>
      <line num="55" type="stmt" count="60"/>
      <line num="56" type="stmt" count="60"/>
      <line num="57" type="stmt" count="60"/>
      <line num="60" type="stmt" count="60"/>
      <line num="61" type="stmt" count="60"/>
      <line num="62" type="stmt" count="59"/>
      <line num="63" type="stmt" count="0"/>
      <line num="65" type="stmt" count="59"/>
      <line num="76" type="method" name="to_array" visibility="public" complexity="1" crap="1" count="48"/>
      <line num="77" type="stmt" count="48"/>
      <line num="78" type="stmt" count="48"/>
      <line num="79" type="stmt" count="48"/>
      <line num="80" type="stmt" count="48"/>
      <line num="81" type="stmt" count="48"/>
      <line num="82" type="stmt" count="48"/>
      <line num="83" type="stmt" count="48"/>
      <line num="84" type="stmt" count="47"/>
      <line num="85" type="stmt" count="48"/>
      <line num="86" type="stmt" count="48"/>
      <line num="87" type="stmt" count="48"/>
      <line num="88" type="stmt" count="48"/>
      <line num="99" type="method" name="merge_with" visibility="public" complexity="6" crap="6" count="9"/>
      <line num="100" type="stmt" count="9"/>
      <line num="102" type="stmt" count="9"/>
      <line num="103" type="stmt" count="9"/>
      <line num="106" type="stmt" count="9"/>
      <line num="107" type="stmt" count="9"/>
      <line num="109" type="stmt" count="8"/>
      <line num="110" type="stmt" count="8"/>
      <line num="111" type="stmt" count="8"/>
      <line num="112" type="stmt" count="8"/>
      <line num="113" type="stmt" count="8"/>
      <line num="116" type="stmt" count="8"/>
      <line num="117" type="stmt" count="8"/>
      <line num="119" type="stmt" count="0"/>
      <line num="122" type="stmt" count="9"/>
      <line num="123" type="stmt" count="9"/>
      <line num="124" type="stmt" count="8"/>
      <line num="125" type="stmt" count="9"/>
      <line num="126" type="stmt" count="9"/>
      <line num="127" type="stmt" count="9"/>
      <line num="128" type="stmt" count="9"/>
      <line num="137" type="method" name="from_array" visibility="public" complexity="1" crap="1" count="59"/>
      <line num="138" type="stmt" count="59"/>
      <line num="147" type="method" name="add_section" visibility="public" complexity="3" crap="12" count="0"/>
      <line num="149" type="stmt" count="0"/>
      <line num="150" type="stmt" count="0"/>
      <line num="151" type="stmt" count="0"/>
      <line num="155" type="stmt" count="0"/>
      <line num="156" type="stmt" count="0"/>
      <line num="165" type="method" name="remove_section" visibility="public" complexity="3" crap="12" count="0"/>
      <line num="166" type="stmt" count="0"/>
      <line num="167" type="stmt" count="0"/>
      <line num="168" type="stmt" count="0"/>
      <line num="169" type="stmt" count="0"/>
      <line num="170" type="stmt" count="0"/>
      <line num="173" type="stmt" count="0"/>
      <line num="182" type="method" name="get_section" visibility="public" complexity="3" crap="3" count="8"/>
      <line num="183" type="stmt" count="8"/>
      <line num="184" type="stmt" count="8"/>
      <line num="185" type="stmt" count="7"/>
      <line num="188" type="stmt" count="1"/>
      <line num="197" type="method" name="get_all_tasks" visibility="public" complexity="2" crap="6" count="0"/>
      <line num="198" type="stmt" count="0"/>
      <line num="199" type="stmt" count="0"/>
      <line num="200" type="stmt" count="0"/>
      <line num="202" type="stmt" count="0"/>
      <line num="210" type="method" name="get_completion_percentage" visibility="public" complexity="3" crap="3.04" count="4"/>
      <line num="211" type="stmt" count="4"/>
      <line num="212" type="stmt" count="0"/>
      <line num="215" type="stmt" count="4"/>
      <line num="216" type="stmt" count="4"/>
      <line num="217" type="stmt" count="4"/>
      <line num="220" type="stmt" count="4"/>
      <line num="228" type="method" name="is_completed" visibility="public" complexity="1" crap="1" count="4"/>
      <line num="229" type="stmt" count="4"/>
      <line num="237" type="method" name="get_completed_tasks_count" visibility="public" complexity="2" crap="2" count="4"/>
      <line num="238" type="stmt" count="4"/>
      <line num="239" type="stmt" count="4"/>
      <line num="240" type="stmt" count="4"/>
      <line num="242" type="stmt" count="4"/>
      <line num="250" type="method" name="get_total_tasks_count" visibility="public" complexity="2" crap="2" count="4"/>
      <line num="251" type="stmt" count="4"/>
      <line num="252" type="stmt" count="4"/>
      <line num="253" type="stmt" count="4"/>
      <line num="255" type="stmt" count="4"/>
      <line num="263" type="method" name="get_completed_sections_count" visibility="public" complexity="1" crap="1" count="4"/>
      <line num="264" type="stmt" count="4"/>
      <line num="265" type="stmt" count="4"/>
      <line num="266" type="stmt" count="4"/>
      <line num="267" type="stmt" count="4"/>
      <line num="268" type="stmt" count="4"/>
      <line num="269" type="stmt" count="4"/>
      <line num="270" type="stmt" count="4"/>
      <line num="271" type="stmt" count="4"/>
      <line num="279" type="method" name="get_total_sections_count" visibility="public" complexity="1" crap="1" count="4"/>
      <line num="280" type="stmt" count="4"/>
      <line num="291" type="method" name="update_task_status" visibility="public" complexity="2" crap="2.06" count="2"/>
      <line num="292" type="stmt" count="2"/>
      <line num="293" type="stmt" count="2"/>
      <line num="294" type="stmt" count="0"/>
      <line num="297" type="stmt" count="2"/>
      <line num="307" type="method" name="update_section_open_state" visibility="public" complexity="2" crap="6" count="0"/>
      <line num="308" type="stmt" count="0"/>
      <line num="309" type="stmt" count="0"/>
      <line num="310" type="stmt" count="0"/>
      <line num="313" type="stmt" count="0"/>
      <line num="323" type="method" name="update_section_status" visibility="public" complexity="2" crap="6" count="0"/>
      <line num="324" type="stmt" count="0"/>
      <line num="325" type="stmt" count="0"/>
      <line num="326" type="stmt" count="0"/>
      <line num="329" type="stmt" count="0"/>
      <line num="339" type="method" name="get_task" visibility="public" complexity="2" crap="2.06" count="5"/>
      <line num="340" type="stmt" count="5"/>
      <line num="341" type="stmt" count="5"/>
      <line num="342" type="stmt" count="5"/>
      <line num="344" type="stmt" count="0"/>
      <line num="353" type="method" name="set_open" visibility="public" complexity="1" crap="1" count="2"/>
      <line num="354" type="stmt" count="2"/>
      <line num="355" type="stmt" count="2"/>
      <line num="363" type="method" name="is_open" visibility="public" complexity="1" crap="2" count="0"/>
      <line num="364" type="stmt" count="0"/>
      <line num="372" type="method" name="toggle_open" visibility="public" complexity="1" crap="2" count="0"/>
      <line num="373" type="stmt" count="0"/>
      <line num="374" type="stmt" count="0"/>
      <line num="382" type="method" name="validate" visibility="public" complexity="5" crap="30" count="0"/>
      <line num="383" type="stmt" count="0"/>
      <line num="384" type="stmt" count="0"/>
      <line num="387" type="stmt" count="0"/>
      <line num="388" type="stmt" count="0"/>
      <line num="392" type="stmt" count="0"/>
      <line num="393" type="stmt" count="0"/>
      <line num="394" type="stmt" count="0"/>
      <line num="395" type="stmt" count="0"/>
      <line num="399" type="stmt" count="0"/>
      <metrics loc="402" ncloc="237" classes="1" methods="22" coveredmethods="9" conditionals="0" coveredconditionals="0" statements="116" coveredstatements="76" elements="138" coveredelements="85"/>
    </file>
    <file name="/home/runner/work/wp-module-next-steps/wp-module-next-steps/includes/I18nService.php">
      <class name="NewfoldLabs\WP\Module\NextSteps\I18nService" namespace="global">
        <metrics complexity="6" methods="4" coveredmethods="0" conditionals="0" coveredconditionals="0" statements="34" coveredstatements="0" elements="38" coveredelements="0"/>
      </class>
      <line num="15" type="method" name="__construct" visibility="public" complexity="1" crap="2" count="0"/>
      <line num="16" type="stmt" count="0"/>
      <line num="17" type="stmt" count="0"/>
      <line num="18" type="stmt" count="0"/>
      <line num="19" type="stmt" count="0"/>
      <line num="20" type="stmt" count="0"/>
      <line num="21" type="stmt" count="0"/>
      <line num="22" type="stmt" count="0"/>
      <line num="23" type="stmt" count="0"/>
      <line num="31" type="method" name="add_php_i18n" visibility="public" complexity="1" crap="2" count="0"/>
      <line num="32" type="stmt" count="0"/>
      <line num="33" type="stmt" count="0"/>
      <line num="34" type="stmt" count="0"/>
      <line num="35" type="stmt" count="0"/>
      <line num="36" type="stmt" count="0"/>
      <line num="38" type="stmt" count="0"/>
      <line num="39" type="stmt" count="0"/>
      <line num="40" type="stmt" count="0"/>
      <line num="41" type="stmt" count="0"/>
      <line num="47" type="method" name="add_js_i18n" visibility="public" complexity="1" crap="2" count="0"/>
      <line num="49" type="stmt" count="0"/>
      <line num="50" type="stmt" count="0"/>
      <line num="51" type="stmt" count="0"/>
      <line num="52" type="stmt" count="0"/>
      <line num="53" type="stmt" count="0"/>
      <line num="54" type="stmt" count="0"/>
      <line num="55" type="stmt" count="0"/>
      <line num="56" type="stmt" count="0"/>
      <line num="57" type="stmt" count="0"/>
      <line num="58" type="stmt" count="0"/>
      <line num="72" type="method" name="load_script_translation_file" visibility="public" complexity="3" crap="12" count="0"/>
      <line num="73" type="stmt" count="0"/>
      <line num="74" type="stmt" count="0"/>
      <line num="76" type="stmt" count="0"/>
      <line num="78" type="stmt" count="0"/>
      <line num="79" type="stmt" count="0"/>
      <line num="81" type="stmt" count="0"/>
      <line num="83" type="stmt" count="0"/>
      <metrics loc="86" ncloc="55" classes="1" methods="4" coveredmethods="0" conditionals="0" coveredconditionals="0" statements="34" coveredstatements="0" elements="38" coveredelements="0"/>
    </file>
    <file name="/home/runner/work/wp-module-next-steps/wp-module-next-steps/includes/NextSteps.php">
      <class name="NewfoldLabs\WP\Module\NextSteps\NextSteps" namespace="global">
        <metrics complexity="17" methods="6" coveredmethods="0" conditionals="0" coveredconditionals="0" statements="95" coveredstatements="0" elements="101" coveredelements="0"/>
      </class>
      <line num="48" type="method" name="__construct" visibility="public" complexity="2" crap="6" count="0"/>
      <line num="50" type="stmt" count="0"/>
      <line num="51" type="stmt" count="0"/>
      <line num="52" type="stmt" count="0"/>
      <line num="53" type="stmt" count="0"/>
      <line num="54" type="stmt" count="0"/>
      <line num="55" type="stmt" count="0"/>
      <line num="58" type="stmt" count="0"/>
      <line num="60" type="stmt" count="0"/>
      <line num="61" type="stmt" count="0"/>
      <line num="62" type="stmt" count="0"/>
      <line num="69" type="method" name="init_steps_apis" visibility="public" complexity="1" crap="2" count="0"/>
      <line num="70" type="stmt" count="0"/>
      <line num="79" type="method" name="add_nfd_subnav" visibility="public" complexity="1" crap="2" count="0"/>
      <line num="80" type="stmt" count="0"/>
      <line num="81" type="stmt" count="0"/>
      <line num="82" type="stmt" count="0"/>
      <line num="83" type="stmt" count="0"/>
      <line num="84" type="stmt" count="0"/>
      <line num="85" type="stmt" count="0"/>
      <line num="86" type="stmt" count="0"/>
      <line num="87" type="stmt" count="0"/>
      <line num="95" type="method" name="render_next_steps_page" visibility="public" complexity="1" crap="2" count="0"/>
      <line num="96" type="stmt" count="0"/>
      <line num="102" type="method" name="nextsteps_widget" visibility="public" complexity="6" crap="42" count="0"/>
      <line num="104" type="stmt" count="0"/>
      <line num="105" type="stmt" count="0"/>
      <line num="107" type="stmt" count="0"/>
      <line num="108" type="stmt" count="0"/>
      <line num="110" type="stmt" count="0"/>
      <line num="113" type="stmt" count="0"/>
      <line num="114" type="stmt" count="0"/>
      <line num="115" type="stmt" count="0"/>
      <line num="116" type="stmt" count="0"/>
      <line num="117" type="stmt" count="0"/>
      <line num="118" type="stmt" count="0"/>
      <line num="119" type="stmt" count="0"/>
      <line num="120" type="stmt" count="0"/>
      <line num="121" type="stmt" count="0"/>
      <line num="122" type="stmt" count="0"/>
      <line num="124" type="stmt" count="0"/>
      <line num="125" type="stmt" count="0"/>
      <line num="126" type="stmt" count="0"/>
      <line num="127" type="stmt" count="0"/>
      <line num="128" type="stmt" count="0"/>
      <line num="129" type="stmt" count="0"/>
      <line num="132" type="stmt" count="0"/>
      <line num="133" type="stmt" count="0"/>
      <line num="134" type="stmt" count="0"/>
      <line num="135" type="stmt" count="0"/>
      <line num="137" type="stmt" count="0"/>
      <line num="138" type="stmt" count="0"/>
      <line num="141" type="stmt" count="0"/>
      <line num="142" type="stmt" count="0"/>
      <line num="144" type="stmt" count="0"/>
      <line num="145" type="stmt" count="0"/>
      <line num="146" type="stmt" count="0"/>
      <line num="147" type="stmt" count="0"/>
      <line num="148" type="stmt" count="0"/>
      <line num="155" type="method" name="nextsteps_portal" visibility="public" complexity="6" crap="42" count="0"/>
      <line num="157" type="stmt" count="0"/>
      <line num="158" type="stmt" count="0"/>
      <line num="160" type="stmt" count="0"/>
      <line num="161" type="stmt" count="0"/>
      <line num="163" type="stmt" count="0"/>
      <line num="166" type="stmt" count="0"/>
      <line num="167" type="stmt" count="0"/>
      <line num="168" type="stmt" count="0"/>
      <line num="169" type="stmt" count="0"/>
      <line num="170" type="stmt" count="0"/>
      <line num="171" type="stmt" count="0"/>
      <line num="173" type="stmt" count="0"/>
      <line num="174" type="stmt" count="0"/>
      <line num="175" type="stmt" count="0"/>
      <line num="178" type="stmt" count="0"/>
      <line num="179" type="stmt" count="0"/>
      <line num="180" type="stmt" count="0"/>
      <line num="181" type="stmt" count="0"/>
      <line num="182" type="stmt" count="0"/>
      <line num="183" type="stmt" count="0"/>
      <line num="184" type="stmt" count="0"/>
      <line num="185" type="stmt" count="0"/>
      <line num="186" type="stmt" count="0"/>
      <line num="187" type="stmt" count="0"/>
      <line num="189" type="stmt" count="0"/>
      <line num="190" type="stmt" count="0"/>
      <line num="191" type="stmt" count="0"/>
      <line num="192" type="stmt" count="0"/>
      <line num="193" type="stmt" count="0"/>
      <line num="194" type="stmt" count="0"/>
      <line num="197" type="stmt" count="0"/>
      <line num="198" type="stmt" count="0"/>
      <line num="199" type="stmt" count="0"/>
      <line num="200" type="stmt" count="0"/>
      <line num="203" type="stmt" count="0"/>
      <line num="204" type="stmt" count="0"/>
      <line num="206" type="stmt" count="0"/>
      <line num="207" type="stmt" count="0"/>
      <line num="208" type="stmt" count="0"/>
      <line num="209" type="stmt" count="0"/>
      <line num="210" type="stmt" count="0"/>
      <metrics loc="214" ncloc="151" classes="1" methods="6" coveredmethods="0" conditionals="0" coveredconditionals="0" statements="95" coveredstatements="0" elements="101" coveredelements="0"/>
    </file>
    <file name="/home/runner/work/wp-module-next-steps/wp-module-next-steps/includes/NextStepsWidget.php">
      <class name="NewfoldLabs\WP\Module\NextSteps\NextStepsWidget" namespace="global">
        <metrics complexity="5" methods="5" coveredmethods="0" conditionals="0" coveredconditionals="0" statements="19" coveredstatements="0" elements="24" coveredelements="0"/>
      </class>
      <line num="27" type="method" name="__construct" visibility="public" complexity="1" crap="2" count="0"/>
      <line num="29" type="stmt" count="0"/>
      <line num="34" type="method" name="init" visibility="public" complexity="1" crap="2" count="0"/>
      <line num="37" type="stmt" count="0"/>
      <line num="38" type="stmt" count="0"/>
      <line num="39" type="stmt" count="0"/>
      <line num="40" type="stmt" count="0"/>
      <line num="41" type="stmt" count="0"/>
      <line num="42" type="stmt" count="0"/>
      <line num="43" type="stmt" count="0"/>
      <line num="44" type="stmt" count="0"/>
      <line num="45" type="stmt" count="0"/>
      <line num="47" type="stmt" count="0"/>
      <line num="53" type="method" name="widget_render" visibility="public" complexity="1" crap="2" count="0"/>
      <line num="54" type="stmt" count="0"/>
      <line num="55" type="stmt" count="0"/>
      <line num="63" type="method" name="assets" visibility="public" complexity="1" crap="2" count="0"/>
      <line num="67" type="stmt" count="0"/>
      <line num="75" type="method" name="add_utm_params" visibility="public" complexity="1" crap="2" count="0"/>
      <line num="76" type="stmt" count="0"/>
      <line num="77" type="stmt" count="0"/>
      <line num="78" type="stmt" count="0"/>
      <line num="79" type="stmt" count="0"/>
      <line num="80" type="stmt" count="0"/>
      <metrics loc="83" ncloc="45" classes="1" methods="5" coveredmethods="0" conditionals="0" coveredconditionals="0" statements="19" coveredstatements="0" elements="24" coveredelements="0"/>
    </file>
    <file name="/home/runner/work/wp-module-next-steps/wp-module-next-steps/includes/PlanFactory.php">
      <class name="NewfoldLabs\WP\Module\NextSteps\PlanFactory" namespace="global">
        <metrics complexity="52" methods="15" coveredmethods="4" conditionals="0" coveredconditionals="0" statements="93" coveredstatements="45" elements="108" coveredelements="49"/>
      </class>
      <line num="52" type="method" name="__construct" visibility="public" complexity="1" crap="2" count="0"/>
      <line num="54" type="stmt" count="0"/>
      <line num="57" type="stmt" count="0"/>
      <line num="60" type="stmt" count="0"/>
      <line num="62" type="stmt" count="0"/>
      <line num="65" type="stmt" count="0"/>
      <line num="66" type="stmt" count="0"/>
      <line num="74" type="method" name="load_default_steps" visibility="public" complexity="5" crap="9.29" count="3"/>
      <line num="76" type="stmt" count="3"/>
      <line num="77" type="stmt" count="0"/>
      <line num="81" type="stmt" count="3"/>
      <line num="82" type="stmt" count="3"/>
      <line num="83" type="stmt" count="3"/>
      <line num="87" type="stmt" count="0"/>
      <line num="88" type="stmt" count="0"/>
      <line num="89" type="stmt" count="0"/>
      <line num="90" type="stmt" count="0"/>
      <line num="101" type="method" name="on_sitetype_change" visibility="public" complexity="7" crap="7.04" count="4"/>
      <line num="104" type="stmt" count="4"/>
      <line num="105" type="stmt" count="4"/>
      <line num="107" type="stmt" count="0"/>
      <line num="110" type="stmt" count="4"/>
      <line num="111" type="stmt" count="4"/>
      <line num="113" type="stmt" count="4"/>
      <line num="114" type="stmt" count="1"/>
      <line num="118" type="stmt" count="3"/>
      <line num="119" type="stmt" count="2"/>
      <line num="123" type="stmt" count="1"/>
      <line num="126" type="stmt" count="1"/>
      <line num="136" type="method" name="on_woocommerce_activation" visibility="public" complexity="2" crap="2" count="2"/>
      <line num="137" type="stmt" count="2"/>
      <line num="138" type="stmt" count="1"/>
      <line num="142" type="stmt" count="1"/>
      <line num="153" type="method" name="on_product_creation" visibility="public" complexity="6" crap="42" count="0"/>
      <line num="154" type="stmt" count="0"/>
      <line num="155" type="stmt" count="0"/>
      <line num="156" type="stmt" count="0"/>
      <line num="158" type="stmt" count="0"/>
      <line num="159" type="stmt" count="0"/>
      <line num="160" type="stmt" count="0"/>
      <line num="161" type="stmt" count="0"/>
      <line num="172" type="method" name="detect_site_type" visibility="public" complexity="3" crap="3.58" count="8"/>
      <line num="174" type="stmt" count="8"/>
      <line num="175" type="stmt" count="0"/>
      <line num="179" type="stmt" count="8"/>
      <line num="180" type="stmt" count="0"/>
      <line num="184" type="stmt" count="8"/>
      <line num="192" type="method" name="is_ecommerce_site" visibility="private" complexity="2" crap="2" count="8"/>
      <line num="193" type="stmt" count="8"/>
      <line num="201" type="method" name="is_corporate_site" visibility="private" complexity="3" crap="3.01" count="8"/>
      <line num="203" type="stmt" count="8"/>
      <line num="204" type="stmt" count="8"/>
      <line num="205" type="stmt" count="8"/>
      <line num="206" type="stmt" count="8"/>
      <line num="207" type="stmt" count="8"/>
      <line num="209" type="stmt" count="8"/>
      <line num="210" type="stmt" count="8"/>
      <line num="211" type="stmt" count="0"/>
      <line num="215" type="stmt" count="8"/>
      <line num="223" type="method" name="determine_site_type" visibility="public" complexity="8" crap="16.00" count="9"/>
      <line num="225" type="stmt" count="9"/>
      <line num="226" type="stmt" count="9"/>
      <line num="228" type="stmt" count="9"/>
      <line num="229" type="stmt" count="1"/>
      <line num="233" type="stmt" count="8"/>
      <line num="234" type="stmt" count="8"/>
      <line num="235" type="stmt" count="0"/>
      <line num="237" type="stmt" count="0"/>
      <line num="238" type="stmt" count="0"/>
      <line num="239" type="stmt" count="0"/>
      <line num="240" type="stmt" count="0"/>
      <line num="241" type="stmt" count="0"/>
      <line num="242" type="stmt" count="0"/>
      <line num="247" type="stmt" count="8"/>
      <line num="257" type="method" name="create_plan" visibility="public" complexity="5" crap="5" count="58"/>
      <line num="260" type="stmt" count="58"/>
      <line num="261" type="stmt" count="7"/>
      <line num="265" type="stmt" count="54"/>
      <line num="266" type="stmt" count="3"/>
      <line num="270" type="stmt" count="52"/>
      <line num="271" type="stmt" count="20"/>
      <line num="275" type="stmt" count="34"/>
      <line num="283" type="method" name="load_default_plan" visibility="public" complexity="1" crap="1" count="2"/>
      <line num="284" type="stmt" count="2"/>
      <line num="285" type="stmt" count="2"/>
      <line num="293" type="method" name="get_current_plan_type" visibility="public" complexity="2" crap="6" count="0"/>
      <line num="294" type="stmt" count="0"/>
      <line num="295" type="stmt" count="0"/>
      <line num="296" type="stmt" count="0"/>
      <line num="298" type="stmt" count="0"/>
      <line num="308" type="method" name="on_language_change" visibility="public" complexity="2" crap="6" count="0"/>
      <line num="309" type="stmt" count="0"/>
      <line num="310" type="stmt" count="0"/>
      <line num="312" type="stmt" count="0"/>
      <line num="321" type="method" name="on_locale_switch" visibility="public" complexity="1" crap="2" count="0"/>
      <line num="322" type="stmt" count="0"/>
      <line num="332" type="method" name="resync_next_steps_data" visibility="private" complexity="4" crap="20" count="0"/>
      <line num="334" type="stmt" count="0"/>
      <line num="335" type="stmt" count="0"/>
      <line num="339" type="stmt" count="0"/>
      <line num="341" type="stmt" count="0"/>
      <line num="343" type="stmt" count="0"/>
      <line num="346" type="stmt" count="0"/>
      <line num="349" type="stmt" count="0"/>
      <line num="352" type="stmt" count="0"/>
      <line num="354" type="stmt" count="0"/>
      <line num="356" type="stmt" count="0"/>
      <line num="358" type="stmt" count="0"/>
      <metrics loc="363" ncloc="217" classes="1" methods="15" coveredmethods="4" conditionals="0" coveredconditionals="0" statements="93" coveredstatements="45" elements="108" coveredelements="49"/>
    </file>
    <file name="/home/runner/work/wp-module-next-steps/wp-module-next-steps/includes/PlanRepository.php">
      <class name="NewfoldLabs\WP\Module\NextSteps\PlanRepository" namespace="global">
        <metrics complexity="39" methods="15" coveredmethods="6" conditionals="0" coveredconditionals="0" statements="102" coveredstatements="84" elements="117" coveredelements="90"/>
      </class>
      <line num="51" type="method" name="is_cache_valid" visibility="private" complexity="2" crap="2" count="34"/>
      <line num="52" type="stmt" count="34"/>
      <line num="62" type="method" name="cache_plan" visibility="private" complexity="1" crap="1" count="40"/>
      <line num="63" type="stmt" count="40"/>
      <line num="64" type="stmt" count="40"/>
      <line num="65" type="stmt" count="40"/>
      <line num="73" type="method" name="invalidate_cache" visibility="public" complexity="1" crap="1" count="66"/>
      <line num="74" type="stmt" count="66"/>
      <line num="75" type="stmt" count="66"/>
      <line num="76" type="stmt" count="66"/>
      <line num="84" type="method" name="reset_next_steps_data" visibility="private" complexity="1" crap="2" count="0"/>
      <line num="85" type="stmt" count="0"/>
      <line num="86" type="stmt" count="0"/>
      <line num="94" type="method" name="get_plan_data" visibility="private" complexity="2" crap="2.03" count="12"/>
      <line num="96" type="stmt" count="12"/>
      <line num="97" type="stmt" count="0"/>
      <line num="100" type="stmt" count="12"/>
      <line num="101" type="stmt" count="12"/>
      <line num="102" type="stmt" count="12"/>
      <line num="110" type="method" name="get_current_plan" visibility="public" complexity="7" crap="7" count="34"/>
      <line num="112" type="stmt" count="34"/>
      <line num="113" type="stmt" count="23"/>
      <line num="116" type="stmt" count="12"/>
      <line num="117" type="stmt" count="12"/>
      <line num="118" type="stmt" count="12"/>
      <line num="120" type="stmt" count="7"/>
      <line num="121" type="stmt" count="7"/>
      <line num="122" type="stmt" count="7"/>
      <line num="124" type="stmt" count="7"/>
      <line num="125" type="stmt" count="7"/>
      <line num="129" type="stmt" count="5"/>
      <line num="131" type="stmt" count="5"/>
      <line num="134" type="stmt" count="2"/>
      <line num="136" type="stmt" count="2"/>
      <line num="137" type="stmt" count="2"/>
      <line num="138" type="stmt" count="2"/>
      <line num="140" type="stmt" count="0"/>
      <line num="143" type="stmt" count="2"/>
      <line num="145" type="stmt" count="2"/>
      <line num="146" type="stmt" count="2"/>
      <line num="148" type="stmt" count="3"/>
      <line num="152" type="stmt" count="12"/>
      <line num="153" type="stmt" count="12"/>
      <line num="155" type="stmt" count="12"/>
      <line num="164" type="method" name="save_plan" visibility="public" complexity="2" crap="2" count="37"/>
      <line num="165" type="stmt" count="37"/>
      <line num="166" type="stmt" count="37"/>
      <line num="168" type="stmt" count="37"/>
      <line num="169" type="stmt" count="37"/>
      <line num="171" type="stmt" count="37"/>
      <line num="181" type="method" name="switch_plan" visibility="public" complexity="4" crap="4" count="7"/>
      <line num="183" type="stmt" count="7"/>
      <line num="184" type="stmt" count="7"/>
      <line num="186" type="stmt" count="2"/>
      <line num="189" type="stmt" count="5"/>
      <line num="190" type="stmt" count="4"/>
      <line num="193" type="stmt" count="5"/>
      <line num="195" type="stmt" count="5"/>
      <line num="196" type="stmt" count="5"/>
      <line num="208" type="method" name="update_task_status" visibility="public" complexity="3" crap="3.03" count="3"/>
      <line num="209" type="stmt" count="3"/>
      <line num="210" type="stmt" count="3"/>
      <line num="211" type="stmt" count="0"/>
      <line num="213" type="stmt" count="3"/>
      <line num="214" type="stmt" count="3"/>
      <line num="215" type="stmt" count="2"/>
      <line num="217" type="stmt" count="1"/>
      <line num="228" type="method" name="get_task" visibility="public" complexity="2" crap="2.06" count="3"/>
      <line num="229" type="stmt" count="3"/>
      <line num="230" type="stmt" count="3"/>
      <line num="231" type="stmt" count="0"/>
      <line num="233" type="stmt" count="3"/>
      <line num="244" type="method" name="add_task" visibility="public" complexity="3" crap="12" count="0"/>
      <line num="245" type="stmt" count="0"/>
      <line num="246" type="stmt" count="0"/>
      <line num="247" type="stmt" count="0"/>
      <line num="249" type="stmt" count="0"/>
      <line num="250" type="stmt" count="0"/>
      <line num="251" type="stmt" count="0"/>
      <line num="253" type="stmt" count="0"/>
      <line num="261" type="method" name="reset_plan" visibility="public" complexity="1" crap="1" count="2"/>
      <line num="262" type="stmt" count="2"/>
      <line num="264" type="stmt" count="2"/>
      <line num="265" type="stmt" count="2"/>
      <line num="273" type="method" name="get_plan_stats" visibility="public" complexity="2" crap="2.00" count="4"/>
      <line num="274" type="stmt" count="4"/>
      <line num="275" type="stmt" count="4"/>
      <line num="276" type="stmt" count="0"/>
      <line num="278" type="stmt" count="4"/>
      <line num="279" type="stmt" count="4"/>
      <line num="280" type="stmt" count="4"/>
      <line num="281" type="stmt" count="4"/>
      <line num="282" type="stmt" count="4"/>
      <line num="283" type="stmt" count="4"/>
      <line num="284" type="stmt" count="4"/>
      <line num="285" type="stmt" count="4"/>
      <line num="286" type="stmt" count="4"/>
      <line num="298" type="method" name="update_section_state" visibility="public" complexity="5" crap="5.15" count="2"/>
      <line num="299" type="stmt" count="2"/>
      <line num="300" type="stmt" count="2"/>
      <line num="301" type="stmt" count="0"/>
      <line num="303" type="stmt" count="2"/>
      <line num="304" type="stmt" count="2"/>
      <line num="305" type="stmt" count="1"/>
      <line num="306" type="stmt" count="1"/>
      <line num="307" type="stmt" count="1"/>
      <line num="309" type="stmt" count="2"/>
      <line num="310" type="stmt" count="2"/>
      <line num="312" type="stmt" count="0"/>
      <line num="322" type="method" name="update_track_status" visibility="public" complexity="3" crap="3.21" count="2"/>
      <line num="323" type="stmt" count="2"/>
      <line num="324" type="stmt" count="2"/>
      <line num="325" type="stmt" count="0"/>
      <line num="327" type="stmt" count="2"/>
      <line num="328" type="stmt" count="2"/>
      <line num="329" type="stmt" count="2"/>
      <line num="331" type="stmt" count="0"/>
      <metrics loc="334" ncloc="193" classes="1" methods="15" coveredmethods="6" conditionals="0" coveredconditionals="0" statements="102" coveredstatements="84" elements="117" coveredelements="90"/>
    </file>
    <file name="/home/runner/work/wp-module-next-steps/wp-module-next-steps/includes/PluginRedirect.php">
      <class name="NewfoldLabs\WP\Module\NextSteps\PluginRedirect" namespace="global">
        <metrics complexity="22" methods="5" coveredmethods="0" conditionals="0" coveredconditionals="0" statements="89" coveredstatements="0" elements="94" coveredelements="0"/>
      </class>
      <line num="35" type="method" name="init" visibility="public" complexity="1" crap="2" count="0"/>
      <line num="37" type="stmt" count="0"/>
      <line num="45" type="method" name="get_partner_plugins" visibility="private" complexity="1" crap="2" count="0"/>
      <line num="46" type="stmt" count="0"/>
      <line num="48" type="stmt" count="0"/>
      <line num="49" type="stmt" count="0"/>
      <line num="50" type="stmt" count="0"/>
      <line num="51" type="stmt" count="0"/>
      <line num="52" type="stmt" count="0"/>
      <line num="53" type="stmt" count="0"/>
      <line num="54" type="stmt" count="0"/>
      <line num="55" type="stmt" count="0"/>
      <line num="56" type="stmt" count="0"/>
      <line num="57" type="stmt" count="0"/>
      <line num="58" type="stmt" count="0"/>
      <line num="59" type="stmt" count="0"/>
      <line num="60" type="stmt" count="0"/>
      <line num="61" type="stmt" count="0"/>
      <line num="62" type="stmt" count="0"/>
      <line num="63" type="stmt" count="0"/>
      <line num="64" type="stmt" count="0"/>
      <line num="65" type="stmt" count="0"/>
      <line num="66" type="stmt" count="0"/>
      <line num="67" type="stmt" count="0"/>
      <line num="68" type="stmt" count="0"/>
      <line num="69" type="stmt" count="0"/>
      <line num="70" type="stmt" count="0"/>
      <line num="71" type="stmt" count="0"/>
      <line num="72" type="stmt" count="0"/>
      <line num="73" type="stmt" count="0"/>
      <line num="74" type="stmt" count="0"/>
      <line num="75" type="stmt" count="0"/>
      <line num="76" type="stmt" count="0"/>
      <line num="77" type="stmt" count="0"/>
      <line num="78" type="stmt" count="0"/>
      <line num="79" type="stmt" count="0"/>
      <line num="80" type="stmt" count="0"/>
      <line num="81" type="stmt" count="0"/>
      <line num="82" type="stmt" count="0"/>
      <line num="83" type="stmt" count="0"/>
      <line num="84" type="stmt" count="0"/>
      <line num="85" type="stmt" count="0"/>
      <line num="86" type="stmt" count="0"/>
      <line num="87" type="stmt" count="0"/>
      <line num="88" type="stmt" count="0"/>
      <line num="89" type="stmt" count="0"/>
      <line num="90" type="stmt" count="0"/>
      <line num="91" type="stmt" count="0"/>
      <line num="92" type="stmt" count="0"/>
      <line num="93" type="stmt" count="0"/>
      <line num="94" type="stmt" count="0"/>
      <line num="100" type="method" name="add_redirect_page" visibility="public" complexity="1" crap="2" count="0"/>
      <line num="101" type="stmt" count="0"/>
      <line num="102" type="stmt" count="0"/>
      <line num="103" type="stmt" count="0"/>
      <line num="104" type="stmt" count="0"/>
      <line num="105" type="stmt" count="0"/>
      <line num="106" type="stmt" count="0"/>
      <line num="107" type="stmt" count="0"/>
      <line num="108" type="stmt" count="0"/>
      <line num="125" type="method" name="check_redirect" visibility="public" complexity="12" crap="156" count="0"/>
      <line num="128" type="stmt" count="0"/>
      <line num="129" type="stmt" count="0"/>
      <line num="130" type="stmt" count="0"/>
      <line num="132" type="stmt" count="0"/>
      <line num="140" type="stmt" count="0"/>
      <line num="141" type="stmt" count="0"/>
      <line num="142" type="stmt" count="0"/>
      <line num="145" type="stmt" count="0"/>
      <line num="147" type="stmt" count="0"/>
      <line num="148" type="stmt" count="0"/>
      <line num="152" type="stmt" count="0"/>
      <line num="153" type="stmt" count="0"/>
      <line num="155" type="stmt" count="0"/>
      <line num="156" type="stmt" count="0"/>
      <line num="160" type="stmt" count="0"/>
      <line num="161" type="stmt" count="0"/>
      <line num="164" type="stmt" count="0"/>
      <line num="167" type="stmt" count="0"/>
      <line num="170" type="stmt" count="0"/>
      <line num="171" type="stmt" count="0"/>
      <line num="181" type="method" name="check_plugin" visibility="private" complexity="7" crap="56" count="0"/>
      <line num="183" type="stmt" count="0"/>
      <line num="184" type="stmt" count="0"/>
      <line num="187" type="stmt" count="0"/>
      <line num="190" type="stmt" count="0"/>
      <line num="191" type="stmt" count="0"/>
      <line num="196" type="stmt" count="0"/>
      <line num="199" type="stmt" count="0"/>
      <line num="200" type="stmt" count="0"/>
      <line num="202" type="stmt" count="0"/>
      <line num="203" type="stmt" count="0"/>
      <line num="205" type="stmt" count="0"/>
      <line num="209" type="stmt" count="0"/>
      <metrics loc="213" ncloc="138" classes="1" methods="5" coveredmethods="0" conditionals="0" coveredconditionals="0" statements="89" coveredstatements="0" elements="94" coveredelements="0"/>
    </file>
    <file name="/home/runner/work/wp-module-next-steps/wp-module-next-steps/includes/StepsApi.php">
      <class name="NewfoldLabs\WP\Module\NextSteps\StepsApi" namespace="global">
        <metrics complexity="64" methods="12" coveredmethods="5" conditionals="0" coveredconditionals="0" statements="378" coveredstatements="103" elements="390" coveredelements="108"/>
      </class>
      <line num="57" type="method" name="__construct" visibility="public" complexity="1" crap="1" count="16"/>
      <line num="58" type="stmt" count="16"/>
      <line num="59" type="stmt" count="16"/>
      <line num="79" type="method" name="register_routes" visibility="public" complexity="7" crap="56" count="0"/>
      <line num="83" type="stmt" count="0"/>
      <line num="84" type="stmt" count="0"/>
      <line num="85" type="stmt" count="0"/>
      <line num="86" type="stmt" count="0"/>
      <line num="87" type="stmt" count="0"/>
      <line num="88" type="stmt" count="0"/>
      <line num="89" type="stmt" count="0"/>
      <line num="90" type="stmt" count="0"/>
      <line num="91" type="stmt" count="0"/>
      <line num="92" type="stmt" count="0"/>
      <line num="93" type="stmt" count="0"/>
      <line num="97" type="stmt" count="0"/>
      <line num="98" type="stmt" count="0"/>
      <line num="99" type="stmt" count="0"/>
      <line num="100" type="stmt" count="0"/>
      <line num="101" type="stmt" count="0"/>
      <line num="102" type="stmt" count="0"/>
      <line num="103" type="stmt" count="0"/>
      <line num="104" type="stmt" count="0"/>
      <line num="105" type="stmt" count="0"/>
      <line num="106" type="stmt" count="0"/>
      <line num="107" type="stmt" count="0"/>
      <line num="111" type="stmt" count="0"/>
      <line num="112" type="stmt" count="0"/>
      <line num="113" type="stmt" count="0"/>
      <line num="114" type="stmt" count="0"/>
      <line num="115" type="stmt" count="0"/>
      <line num="116" type="stmt" count="0"/>
      <line num="117" type="stmt" count="0"/>
      <line num="118" type="stmt" count="0"/>
      <line num="119" type="stmt" count="0"/>
      <line num="120" type="stmt" count="0"/>
      <line num="121" type="stmt" count="0"/>
      <line num="122" type="stmt" count="0"/>
      <line num="123" type="stmt" count="0"/>
      <line num="124" type="stmt" count="0"/>
      <line num="125" type="stmt" count="0"/>
      <line num="126" type="stmt" count="0"/>
      <line num="127" type="stmt" count="0"/>
      <line num="128" type="stmt" count="0"/>
      <line num="129" type="stmt" count="0"/>
      <line num="130" type="stmt" count="0"/>
      <line num="131" type="stmt" count="0"/>
      <line num="132" type="stmt" count="0"/>
      <line num="133" type="stmt" count="0"/>
      <line num="134" type="stmt" count="0"/>
      <line num="135" type="stmt" count="0"/>
      <line num="136" type="stmt" count="0"/>
      <line num="137" type="stmt" count="0"/>
      <line num="138" type="stmt" count="0"/>
      <line num="139" type="stmt" count="0"/>
      <line num="140" type="stmt" count="0"/>
      <line num="141" type="stmt" count="0"/>
      <line num="142" type="stmt" count="0"/>
      <line num="143" type="stmt" count="0"/>
      <line num="144" type="stmt" count="0"/>
      <line num="145" type="stmt" count="0"/>
      <line num="146" type="stmt" count="0"/>
      <line num="147" type="stmt" count="0"/>
      <line num="148" type="stmt" count="0"/>
      <line num="149" type="stmt" count="0"/>
      <line num="150" type="stmt" count="0"/>
      <line num="151" type="stmt" count="0"/>
      <line num="152" type="stmt" count="0"/>
      <line num="153" type="stmt" count="0"/>
      <line num="157" type="stmt" count="0"/>
      <line num="158" type="stmt" count="0"/>
      <line num="159" type="stmt" count="0"/>
      <line num="160" type="stmt" count="0"/>
      <line num="161" type="stmt" count="0"/>
      <line num="162" type="stmt" count="0"/>
      <line num="163" type="stmt" count="0"/>
      <line num="164" type="stmt" count="0"/>
      <line num="165" type="stmt" count="0"/>
      <line num="166" type="stmt" count="0"/>
      <line num="167" type="stmt" count="0"/>
      <line num="171" type="stmt" count="0"/>
      <line num="172" type="stmt" count="0"/>
      <line num="173" type="stmt" count="0"/>
      <line num="174" type="stmt" count="0"/>
      <line num="175" type="stmt" count="0"/>
      <line num="176" type="stmt" count="0"/>
      <line num="177" type="stmt" count="0"/>
      <line num="178" type="stmt" count="0"/>
      <line num="179" type="stmt" count="0"/>
      <line num="180" type="stmt" count="0"/>
      <line num="181" type="stmt" count="0"/>
      <line num="182" type="stmt" count="0"/>
      <line num="183" type="stmt" count="0"/>
      <line num="184" type="stmt" count="0"/>
      <line num="185" type="stmt" count="0"/>
      <line num="186" type="stmt" count="0"/>
      <line num="187" type="stmt" count="0"/>
      <line num="188" type="stmt" count="0"/>
      <line num="189" type="stmt" count="0"/>
      <line num="193" type="stmt" count="0"/>
      <line num="194" type="stmt" count="0"/>
      <line num="195" type="stmt" count="0"/>
      <line num="196" type="stmt" count="0"/>
      <line num="197" type="stmt" count="0"/>
      <line num="198" type="stmt" count="0"/>
      <line num="199" type="stmt" count="0"/>
      <line num="200" type="stmt" count="0"/>
      <line num="201" type="stmt" count="0"/>
      <line num="202" type="stmt" count="0"/>
      <line num="203" type="stmt" count="0"/>
      <line num="207" type="stmt" count="0"/>
      <line num="208" type="stmt" count="0"/>
      <line num="209" type="stmt" count="0"/>
      <line num="210" type="stmt" count="0"/>
      <line num="211" type="stmt" count="0"/>
      <line num="212" type="stmt" count="0"/>
      <line num="213" type="stmt" count="0"/>
      <line num="214" type="stmt" count="0"/>
      <line num="215" type="stmt" count="0"/>
      <line num="216" type="stmt" count="0"/>
      <line num="217" type="stmt" count="0"/>
      <line num="218" type="stmt" count="0"/>
      <line num="219" type="stmt" count="0"/>
      <line num="220" type="stmt" count="0"/>
      <line num="221" type="stmt" count="0"/>
      <line num="222" type="stmt" count="0"/>
      <line num="223" type="stmt" count="0"/>
      <line num="224" type="stmt" count="0"/>
      <line num="225" type="stmt" count="0"/>
      <line num="226" type="stmt" count="0"/>
      <line num="227" type="stmt" count="0"/>
      <line num="228" type="stmt" count="0"/>
      <line num="229" type="stmt" count="0"/>
      <line num="230" type="stmt" count="0"/>
      <line num="231" type="stmt" count="0"/>
      <line num="232" type="stmt" count="0"/>
      <line num="233" type="stmt" count="0"/>
      <line num="234" type="stmt" count="0"/>
      <line num="235" type="stmt" count="0"/>
      <line num="236" type="stmt" count="0"/>
      <line num="237" type="stmt" count="0"/>
      <line num="241" type="stmt" count="0"/>
      <line num="242" type="stmt" count="0"/>
      <line num="243" type="stmt" count="0"/>
      <line num="244" type="stmt" count="0"/>
      <line num="245" type="stmt" count="0"/>
      <line num="246" type="stmt" count="0"/>
      <line num="247" type="stmt" count="0"/>
      <line num="248" type="stmt" count="0"/>
      <line num="249" type="stmt" count="0"/>
      <line num="250" type="stmt" count="0"/>
      <line num="251" type="stmt" count="0"/>
      <line num="252" type="stmt" count="0"/>
      <line num="253" type="stmt" count="0"/>
      <line num="254" type="stmt" count="0"/>
      <line num="255" type="stmt" count="0"/>
      <line num="256" type="stmt" count="0"/>
      <line num="257" type="stmt" count="0"/>
      <line num="258" type="stmt" count="0"/>
      <line num="259" type="stmt" count="0"/>
      <line num="260" type="stmt" count="0"/>
      <line num="261" type="stmt" count="0"/>
      <line num="262" type="stmt" count="0"/>
      <line num="263" type="stmt" count="0"/>
      <line num="264" type="stmt" count="0"/>
      <line num="265" type="stmt" count="0"/>
      <line num="266" type="stmt" count="0"/>
      <line num="267" type="stmt" count="0"/>
      <line num="268" type="stmt" count="0"/>
      <line num="269" type="stmt" count="0"/>
      <line num="270" type="stmt" count="0"/>
      <line num="271" type="stmt" count="0"/>
      <line num="272" type="stmt" count="0"/>
      <line num="273" type="stmt" count="0"/>
      <line num="274" type="stmt" count="0"/>
      <line num="275" type="stmt" count="0"/>
      <line num="276" type="stmt" count="0"/>
      <line num="277" type="stmt" count="0"/>
      <line num="278" type="stmt" count="0"/>
      <line num="279" type="stmt" count="0"/>
      <line num="280" type="stmt" count="0"/>
      <line num="281" type="stmt" count="0"/>
      <line num="282" type="stmt" count="0"/>
      <line num="284" type="stmt" count="0"/>
      <line num="285" type="stmt" count="0"/>
      <line num="286" type="stmt" count="0"/>
      <line num="287" type="stmt" count="0"/>
      <line num="288" type="stmt" count="0"/>
      <line num="289" type="stmt" count="0"/>
      <line num="293" type="stmt" count="0"/>
      <line num="294" type="stmt" count="0"/>
      <line num="295" type="stmt" count="0"/>
      <line num="296" type="stmt" count="0"/>
      <line num="297" type="stmt" count="0"/>
      <line num="298" type="stmt" count="0"/>
      <line num="299" type="stmt" count="0"/>
      <line num="300" type="stmt" count="0"/>
      <line num="301" type="stmt" count="0"/>
      <line num="302" type="stmt" count="0"/>
      <line num="303" type="stmt" count="0"/>
      <line num="304" type="stmt" count="0"/>
      <line num="305" type="stmt" count="0"/>
      <line num="306" type="stmt" count="0"/>
      <line num="307" type="stmt" count="0"/>
      <line num="308" type="stmt" count="0"/>
      <line num="309" type="stmt" count="0"/>
      <line num="310" type="stmt" count="0"/>
      <line num="311" type="stmt" count="0"/>
      <line num="312" type="stmt" count="0"/>
      <line num="313" type="stmt" count="0"/>
      <line num="314" type="stmt" count="0"/>
      <line num="315" type="stmt" count="0"/>
      <line num="316" type="stmt" count="0"/>
      <line num="317" type="stmt" count="0"/>
      <line num="318" type="stmt" count="0"/>
      <line num="319" type="stmt" count="0"/>
      <line num="320" type="stmt" count="0"/>
      <line num="321" type="stmt" count="0"/>
      <line num="322" type="stmt" count="0"/>
      <line num="323" type="stmt" count="0"/>
      <line num="337" type="method" name="set_data" visibility="public" complexity="1" crap="1" count="2"/>
      <line num="338" type="stmt" count="2"/>
      <line num="358" type="method" name="get_steps" visibility="public" complexity="2" crap="2.06" count="2"/>
      <line num="359" type="stmt" count="2"/>
      <line num="361" type="stmt" count="2"/>
      <line num="362" type="stmt" count="0"/>
      <line num="370" type="stmt" count="2"/>
      <line num="405" type="method" name="add_steps" visibility="public" complexity="10" crap="25.89" count="1"/>
      <line num="407" type="stmt" count="1"/>
      <line num="409" type="stmt" count="1"/>
      <line num="410" type="stmt" count="0"/>
      <line num="414" type="stmt" count="1"/>
      <line num="415" type="stmt" count="1"/>
      <line num="416" type="stmt" count="0"/>
      <line num="419" type="stmt" count="1"/>
      <line num="420" type="stmt" count="1"/>
      <line num="421" type="stmt" count="1"/>
      <line num="422" type="stmt" count="0"/>
      <line num="425" type="stmt" count="1"/>
      <line num="428" type="stmt" count="1"/>
      <line num="429" type="stmt" count="0"/>
      <line num="430" type="stmt" count="0"/>
      <line num="433" type="stmt" count="0"/>
      <line num="436" type="stmt" count="0"/>
      <line num="437" type="stmt" count="0"/>
      <line num="439" type="stmt" count="0"/>
      <line num="440" type="stmt" count="0"/>
      <line num="441" type="stmt" count="0"/>
      <line num="442" type="stmt" count="0"/>
      <line num="447" type="stmt" count="0"/>
      <line num="452" type="stmt" count="1"/>
      <line num="454" type="stmt" count="1"/>
      <line num="488" type="method" name="update_task_status" visibility="public" complexity="12" crap="16.47" count="2"/>
      <line num="489" type="stmt" count="2"/>
      <line num="490" type="stmt" count="2"/>
      <line num="491" type="stmt" count="2"/>
      <line num="492" type="stmt" count="2"/>
      <line num="493" type="stmt" count="2"/>
      <line num="496" type="stmt" count="2"/>
      <line num="497" type="stmt" count="0"/>
      <line num="499" type="stmt" count="2"/>
      <line num="500" type="stmt" count="0"/>
      <line num="504" type="stmt" count="2"/>
      <line num="505" type="stmt" count="2"/>
      <line num="506" type="stmt" count="0"/>
      <line num="509" type="stmt" count="2"/>
      <line num="510" type="stmt" count="2"/>
      <line num="511" type="stmt" count="1"/>
      <line num="515" type="stmt" count="1"/>
      <line num="517" type="stmt" count="0"/>
      <line num="518" type="stmt" count="0"/>
      <line num="519" type="stmt" count="0"/>
      <line num="520" type="stmt" count="0"/>
      <line num="522" type="stmt" count="0"/>
      <line num="526" type="stmt" count="1"/>
      <line num="528" type="stmt" count="1"/>
      <line num="529" type="stmt" count="0"/>
      <line num="533" type="stmt" count="1"/>
      <line num="534" type="stmt" count="1"/>
      <line num="535" type="stmt" count="0"/>
      <line num="538" type="stmt" count="1"/>
      <line num="539" type="stmt" count="1"/>
      <line num="540" type="stmt" count="0"/>
      <line num="544" type="stmt" count="1"/>
      <line num="545" type="stmt" count="1"/>
      <line num="546" type="stmt" count="1"/>
      <line num="547" type="stmt" count="1"/>
      <line num="549" type="stmt" count="1"/>
      <line num="586" type="method" name="update_section_state" visibility="public" complexity="17" crap="26.39" count="3"/>
      <line num="587" type="stmt" count="3"/>
      <line num="588" type="stmt" count="3"/>
      <line num="589" type="stmt" count="3"/>
      <line num="590" type="stmt" count="3"/>
      <line num="591" type="stmt" count="3"/>
      <line num="594" type="stmt" count="3"/>
      <line num="595" type="stmt" count="0"/>
      <line num="599" type="stmt" count="3"/>
      <line num="600" type="stmt" count="3"/>
      <line num="601" type="stmt" count="0"/>
      <line num="604" type="stmt" count="3"/>
      <line num="605" type="stmt" count="3"/>
      <line num="606" type="stmt" count="1"/>
      <line num="610" type="stmt" count="2"/>
      <line num="611" type="stmt" count="2"/>
      <line num="612" type="stmt" count="1"/>
      <line num="613" type="stmt" count="1"/>
      <line num="614" type="stmt" count="1"/>
      <line num="618" type="stmt" count="2"/>
      <line num="620" type="stmt" count="0"/>
      <line num="621" type="stmt" count="0"/>
      <line num="622" type="stmt" count="0"/>
      <line num="624" type="stmt" count="0"/>
      <line num="625" type="stmt" count="0"/>
      <line num="628" type="stmt" count="0"/>
      <line num="629" type="stmt" count="0"/>
      <line num="634" type="stmt" count="0"/>
      <line num="635" type="stmt" count="0"/>
      <line num="638" type="stmt" count="0"/>
      <line num="642" type="stmt" count="2"/>
      <line num="644" type="stmt" count="2"/>
      <line num="645" type="stmt" count="0"/>
      <line num="649" type="stmt" count="2"/>
      <line num="650" type="stmt" count="2"/>
      <line num="651" type="stmt" count="0"/>
      <line num="654" type="stmt" count="2"/>
      <line num="655" type="stmt" count="2"/>
      <line num="656" type="stmt" count="0"/>
      <line num="660" type="stmt" count="2"/>
      <line num="661" type="stmt" count="2"/>
      <line num="662" type="stmt" count="2"/>
      <line num="663" type="stmt" count="2"/>
      <line num="666" type="stmt" count="2"/>
      <line num="667" type="stmt" count="1"/>
      <line num="671" type="stmt" count="2"/>
      <line num="672" type="stmt" count="1"/>
      <line num="675" type="stmt" count="2"/>
      <line num="704" type="method" name="update_track_status" visibility="public" complexity="8" crap="10.15" count="3"/>
      <line num="705" type="stmt" count="3"/>
      <line num="706" type="stmt" count="3"/>
      <line num="707" type="stmt" count="3"/>
      <line num="710" type="stmt" count="3"/>
      <line num="711" type="stmt" count="0"/>
      <line num="715" type="stmt" count="3"/>
      <line num="716" type="stmt" count="3"/>
      <line num="717" type="stmt" count="0"/>
      <line num="720" type="stmt" count="3"/>
      <line num="721" type="stmt" count="3"/>
      <line num="722" type="stmt" count="1"/>
      <line num="726" type="stmt" count="2"/>
      <line num="728" type="stmt" count="0"/>
      <line num="729" type="stmt" count="0"/>
      <line num="730" type="stmt" count="0"/>
      <line num="731" type="stmt" count="0"/>
      <line num="733" type="stmt" count="0"/>
      <line num="737" type="stmt" count="2"/>
      <line num="739" type="stmt" count="2"/>
      <line num="740" type="stmt" count="0"/>
      <line num="744" type="stmt" count="2"/>
      <line num="745" type="stmt" count="2"/>
      <line num="746" type="stmt" count="0"/>
      <line num="749" type="stmt" count="2"/>
      <line num="750" type="stmt" count="2"/>
      <line num="751" type="stmt" count="0"/>
      <line num="755" type="stmt" count="2"/>
      <line num="756" type="stmt" count="2"/>
      <line num="757" type="stmt" count="2"/>
      <line num="758" type="stmt" count="2"/>
      <line num="760" type="stmt" count="2"/>
      <line num="788" type="method" name="get_plan_stats" visibility="public" complexity="1" crap="1" count="2"/>
      <line num="789" type="stmt" count="2"/>
      <line num="790" type="stmt" count="2"/>
      <line num="815" type="method" name="switch_plan" visibility="public" complexity="2" crap="2" count="2"/>
      <line num="816" type="stmt" count="2"/>
      <line num="818" type="stmt" count="2"/>
      <line num="820" type="stmt" count="2"/>
      <line num="821" type="stmt" count="1"/>
      <line num="824" type="stmt" count="1"/>
      <line num="845" type="method" name="reset_plan" visibility="public" complexity="1" crap="1" count="1"/>
      <line num="846" type="stmt" count="1"/>
      <line num="847" type="stmt" count="1"/>
      <line num="882" type="method" name="add_task_to_section" visibility="public" complexity="2" crap="6" count="0"/>
      <line num="883" type="stmt" count="0"/>
      <line num="884" type="stmt" count="0"/>
      <line num="885" type="stmt" count="0"/>
      <line num="887" type="stmt" count="0"/>
      <line num="889" type="stmt" count="0"/>
      <line num="891" type="stmt" count="0"/>
      <line num="892" type="stmt" count="0"/>
      <line num="895" type="stmt" count="0"/>
      <line num="896" type="stmt" count="0"/>
      <metrics loc="899" ncloc="543" classes="1" methods="12" coveredmethods="5" conditionals="0" coveredconditionals="0" statements="378" coveredstatements="103" elements="390" coveredelements="108"/>
    </file>
    <file name="/home/runner/work/wp-module-next-steps/wp-module-next-steps/includes/TemplateUrlHelper.php">
      <class name="NewfoldLabs\WP\Module\NextSteps\TemplateUrlHelper" namespace="global">
        <metrics complexity="29" methods="4" coveredmethods="0" conditionals="0" coveredconditionals="0" statements="68" coveredstatements="44" elements="72" coveredelements="44"/>
      </class>
      <line num="41" type="method" name="get_active_template_part_slug" visibility="private" complexity="16" crap="24.59" count="42"/>
      <line num="43" type="stmt" count="42"/>
      <line num="44" type="stmt" count="0"/>
      <line num="48" type="stmt" count="42"/>
      <line num="49" type="stmt" count="42"/>
      <line num="51" type="stmt" count="42"/>
      <line num="52" type="stmt" count="0"/>
      <line num="56" type="stmt" count="42"/>
      <line num="57" type="stmt" count="42"/>
      <line num="60" type="stmt" count="42"/>
      <line num="61" type="stmt" count="42"/>
      <line num="64" type="stmt" count="42"/>
      <line num="66" type="stmt" count="42"/>
      <line num="67" type="stmt" count="42"/>
      <line num="69" type="stmt" count="42"/>
      <line num="71" type="stmt" count="42"/>
      <line num="74" type="stmt" count="42"/>
      <line num="78" type="stmt" count="42"/>
      <line num="79" type="stmt" count="42"/>
      <line num="80" type="stmt" count="0"/>
      <line num="81" type="stmt" count="0"/>
      <line num="82" type="stmt" count="0"/>
      <line num="83" type="stmt" count="0"/>
      <line num="84" type="stmt" count="0"/>
      <line num="85" type="stmt" count="0"/>
      <line num="86" type="stmt" count="0"/>
      <line num="91" type="stmt" count="42"/>
      <line num="94" type="stmt" count="42"/>
      <line num="95" type="stmt" count="0"/>
      <line num="101" type="stmt" count="42"/>
      <line num="102" type="stmt" count="42"/>
      <line num="106" type="stmt" count="42"/>
      <line num="118" type="method" name="is_block_theme" visibility="public" complexity="5" crap="5.20" count="44"/>
      <line num="120" type="stmt" count="44"/>
      <line num="121" type="stmt" count="0"/>
      <line num="126" type="stmt" count="44"/>
      <line num="130" type="stmt" count="44"/>
      <line num="133" type="stmt" count="44"/>
      <line num="147" type="method" name="get_url_to_active_template_editor" visibility="public" complexity="3" crap="5.67" count="42"/>
      <line num="149" type="stmt" count="42"/>
      <line num="150" type="stmt" count="0"/>
      <line num="154" type="stmt" count="42"/>
      <line num="157" type="stmt" count="42"/>
      <line num="159" type="stmt" count="42"/>
      <line num="160" type="stmt" count="42"/>
      <line num="165" type="stmt" count="0"/>
      <line num="166" type="stmt" count="0"/>
      <line num="167" type="stmt" count="0"/>
      <line num="168" type="stmt" count="0"/>
      <line num="169" type="stmt" count="0"/>
      <line num="170" type="stmt" count="0"/>
      <line num="171" type="stmt" count="0"/>
      <line num="172" type="stmt" count="0"/>
      <line num="174" type="stmt" count="0"/>
      <line num="186" type="method" name="get_url_to_home_template_editor" visibility="public" complexity="5" crap="5.14" count="10"/>
      <line num="188" type="stmt" count="10"/>
      <line num="189" type="stmt" count="0"/>
      <line num="193" type="stmt" count="10"/>
      <line num="194" type="stmt" count="0"/>
      <line num="198" type="stmt" count="10"/>
      <line num="201" type="stmt" count="10"/>
      <line num="202" type="stmt" count="10"/>
      <line num="206" type="stmt" count="10"/>
      <line num="207" type="stmt" count="0"/>
      <line num="212" type="stmt" count="10"/>
      <line num="213" type="stmt" count="10"/>
      <line num="214" type="stmt" count="10"/>
      <line num="215" type="stmt" count="10"/>
      <line num="216" type="stmt" count="10"/>
      <line num="217" type="stmt" count="10"/>
      <line num="218" type="stmt" count="10"/>
      <line num="219" type="stmt" count="10"/>
      <metrics loc="222" ncloc="120" classes="1" methods="4" coveredmethods="0" conditionals="0" coveredconditionals="0" statements="68" coveredstatements="44" elements="72" coveredelements="44"/>
    </file>
    <file name="/home/runner/work/wp-module-next-steps/wp-module-next-steps/includes/views/next-steps.php">
      <line num="14" type="stmt" count="0"/>
      <line num="16" type="stmt" count="0"/>
      <line num="17" type="stmt" count="0"/>
      <line num="20" type="stmt" count="0"/>
      <line num="21" type="stmt" count="0"/>
      <line num="22" type="stmt" count="0"/>
      <line num="23" type="stmt" count="0"/>
      <line num="24" type="stmt" count="0"/>
      <line num="25" type="stmt" count="0"/>
      <line num="26" type="stmt" count="0"/>
      <line num="27" type="stmt" count="0"/>
      <metrics loc="58" ncloc="49" classes="0" methods="0" coveredmethods="0" conditionals="0" coveredconditionals="0" statements="11" coveredstatements="0" elements="11" coveredelements="0"/>
    </file>
    <metrics files="13" loc="4081" ncloc="2435" classes="12" methods="149" coveredmethods="52" conditionals="0" coveredconditionals="0" statements="1335" coveredstatements="583" elements="1484" coveredelements="635"/>
  </project>
</coverage>
