<?xml version="1.0" encoding="UTF-8"?>
<coverage generated="1771340954">
  <project timestamp="1771340954">
    <file name="/home/runner/work/wp-module-next-steps/wp-module-next-steps/includes/DTOs/Plan.php">
      <class name="NewfoldLabs\WP\Module\NextSteps\DTOs\Plan" namespace="global">
        <metrics complexity="87" methods="30" coveredmethods="16" conditionals="0" coveredconditionals="0" statements="182" coveredstatements="139" elements="212" coveredelements="155"/>
      </class>
      <line num="59" type="method" name="__construct" visibility="public" complexity="6" crap="6.03" count="95"/>
      <line num="60" type="stmt" count="95"/>
      <line num="61" type="stmt" count="95"/>
      <line num="62" type="stmt" count="95"/>
      <line num="63" type="stmt" count="95"/>
      <line num="64" type="stmt" count="95"/>
      <line num="65" type="stmt" count="95"/>
      <line num="68" type="stmt" count="95"/>
      <line num="69" type="stmt" count="95"/>
      <line num="70" type="stmt" count="92"/>
      <line num="71" type="stmt" count="0"/>
      <line num="73" type="stmt" count="92"/>
      <line num="84" type="method" name="to_array" visibility="public" complexity="1" crap="1" count="50"/>
      <line num="85" type="stmt" count="50"/>
      <line num="86" type="stmt" count="50"/>
      <line num="87" type="stmt" count="50"/>
      <line num="88" type="stmt" count="50"/>
      <line num="89" type="stmt" count="50"/>
      <line num="90" type="stmt" count="50"/>
      <line num="91" type="stmt" count="50"/>
      <line num="92" type="stmt" count="50"/>
      <line num="93" type="stmt" count="50"/>
      <line num="94" type="stmt" count="50"/>
      <line num="95" type="stmt" count="50"/>
      <line num="96" type="stmt" count="50"/>
      <line num="97" type="stmt" count="50"/>
      <line num="108" type="method" name="merge_with" visibility="public" complexity="5" crap="5" count="17"/>
      <line num="109" type="stmt" count="17"/>
      <line num="111" type="stmt" count="17"/>
      <line num="112" type="stmt" count="17"/>
      <line num="116" type="stmt" count="17"/>
      <line num="117" type="stmt" count="17"/>
      <line num="119" type="stmt" count="17"/>
      <line num="120" type="stmt" count="17"/>
      <line num="121" type="stmt" count="16"/>
      <line num="122" type="stmt" count="16"/>
      <line num="123" type="stmt" count="16"/>
      <line num="126" type="stmt" count="17"/>
      <line num="127" type="stmt" count="16"/>
      <line num="129" type="stmt" count="1"/>
      <line num="132" type="stmt" count="17"/>
      <line num="133" type="stmt" count="17"/>
      <line num="134" type="stmt" count="17"/>
      <line num="135" type="stmt" count="17"/>
      <line num="136" type="stmt" count="17"/>
      <line num="137" type="stmt" count="17"/>
      <line num="138" type="stmt" count="17"/>
      <line num="147" type="method" name="from_array" visibility="public" complexity="1" crap="1" count="8"/>
      <line num="148" type="stmt" count="8"/>
      <line num="158" type="method" name="add_track" visibility="public" complexity="3" crap="12" count="0"/>
      <line num="160" type="stmt" count="0"/>
      <line num="161" type="stmt" count="0"/>
      <line num="162" type="stmt" count="0"/>
      <line num="166" type="stmt" count="0"/>
      <line num="167" type="stmt" count="0"/>
      <line num="176" type="method" name="remove_track" visibility="public" complexity="3" crap="12" count="0"/>
      <line num="177" type="stmt" count="0"/>
      <line num="178" type="stmt" count="0"/>
      <line num="179" type="stmt" count="0"/>
      <line num="180" type="stmt" count="0"/>
      <line num="181" type="stmt" count="0"/>
      <line num="184" type="stmt" count="0"/>
      <line num="193" type="method" name="get_track" visibility="public" complexity="3" crap="3" count="37"/>
      <line num="194" type="stmt" count="37"/>
      <line num="195" type="stmt" count="37"/>
      <line num="196" type="stmt" count="29"/>
      <line num="199" type="stmt" count="8"/>
      <line num="209" type="method" name="get_section" visibility="public" complexity="2" crap="2.06" count="3"/>
      <line num="210" type="stmt" count="3"/>
      <line num="211" type="stmt" count="3"/>
      <line num="212" type="stmt" count="3"/>
      <line num="214" type="stmt" count="0"/>
      <line num="225" type="method" name="get_task" visibility="public" complexity="2" crap="2" count="13"/>
      <line num="226" type="stmt" count="13"/>
      <line num="227" type="stmt" count="13"/>
      <line num="228" type="stmt" count="12"/>
      <line num="230" type="stmt" count="1"/>
      <line num="239" type="method" name="get_all_sections" visibility="public" complexity="2" crap="6" count="0"/>
      <line num="240" type="stmt" count="0"/>
      <line num="241" type="stmt" count="0"/>
      <line num="242" type="stmt" count="0"/>
      <line num="244" type="stmt" count="0"/>
      <line num="252" type="method" name="get_all_tasks" visibility="public" complexity="2" crap="6" count="0"/>
      <line num="253" type="stmt" count="0"/>
      <line num="254" type="stmt" count="0"/>
      <line num="255" type="stmt" count="0"/>
      <line num="257" type="stmt" count="0"/>
      <line num="265" type="method" name="get_completion_percentage" visibility="public" complexity="3" crap="3.04" count="4"/>
      <line num="266" type="stmt" count="4"/>
      <line num="267" type="stmt" count="0"/>
      <line num="270" type="stmt" count="4"/>
      <line num="271" type="stmt" count="4"/>
      <line num="272" type="stmt" count="4"/>
      <line num="275" type="stmt" count="4"/>
      <line num="283" type="method" name="is_completed" visibility="public" complexity="1" crap="2" count="0"/>
      <line num="284" type="stmt" count="0"/>
      <line num="292" type="method" name="get_completed_tasks_count" visibility="public" complexity="2" crap="2" count="4"/>
      <line num="293" type="stmt" count="4"/>
      <line num="294" type="stmt" count="4"/>
      <line num="295" type="stmt" count="4"/>
      <line num="297" type="stmt" count="4"/>
      <line num="305" type="method" name="get_total_tasks_count" visibility="public" complexity="2" crap="2" count="4"/>
      <line num="306" type="stmt" count="4"/>
      <line num="307" type="stmt" count="4"/>
      <line num="308" type="stmt" count="4"/>
      <line num="310" type="stmt" count="4"/>
      <line num="318" type="method" name="get_completed_tracks_count" visibility="public" complexity="1" crap="1" count="4"/>
      <line num="319" type="stmt" count="4"/>
      <line num="320" type="stmt" count="4"/>
      <line num="321" type="stmt" count="4"/>
      <line num="322" type="stmt" count="4"/>
      <line num="323" type="stmt" count="4"/>
      <line num="324" type="stmt" count="4"/>
      <line num="325" type="stmt" count="4"/>
      <line num="326" type="stmt" count="4"/>
      <line num="334" type="method" name="get_total_tracks_count" visibility="public" complexity="1" crap="1" count="4"/>
      <line num="335" type="stmt" count="4"/>
      <line num="343" type="method" name="get_completed_sections_count" visibility="public" complexity="2" crap="2" count="4"/>
      <line num="344" type="stmt" count="4"/>
      <line num="345" type="stmt" count="4"/>
      <line num="346" type="stmt" count="4"/>
      <line num="348" type="stmt" count="4"/>
      <line num="356" type="method" name="get_total_sections_count" visibility="public" complexity="2" crap="2" count="4"/>
      <line num="357" type="stmt" count="4"/>
      <line num="358" type="stmt" count="4"/>
      <line num="359" type="stmt" count="4"/>
      <line num="361" type="stmt" count="4"/>
      <line num="373" type="method" name="update_task_status" visibility="public" complexity="2" crap="2" count="9"/>
      <line num="374" type="stmt" count="9"/>
      <line num="375" type="stmt" count="9"/>
      <line num="376" type="stmt" count="1"/>
      <line num="379" type="stmt" count="8"/>
      <line num="390" type="method" name="update_section_open_state" visibility="public" complexity="2" crap="6" count="0"/>
      <line num="391" type="stmt" count="0"/>
      <line num="392" type="stmt" count="0"/>
      <line num="393" type="stmt" count="0"/>
      <line num="396" type="stmt" count="0"/>
      <line num="407" type="method" name="update_section_status" visibility="public" complexity="3" crap="3.21" count="1"/>
      <line num="408" type="stmt" count="1"/>
      <line num="409" type="stmt" count="1"/>
      <line num="410" type="stmt" count="0"/>
      <line num="413" type="stmt" count="1"/>
      <line num="415" type="stmt" count="1"/>
      <line num="416" type="stmt" count="0"/>
      <line num="419" type="stmt" count="1"/>
      <line num="430" type="method" name="update_section_open" visibility="public" complexity="3" crap="3.21" count="1"/>
      <line num="431" type="stmt" count="1"/>
      <line num="432" type="stmt" count="1"/>
      <line num="433" type="stmt" count="0"/>
      <line num="436" type="stmt" count="1"/>
      <line num="438" type="stmt" count="1"/>
      <line num="439" type="stmt" count="0"/>
      <line num="442" type="stmt" count="1"/>
      <line num="452" type="method" name="update_track_open_state" visibility="public" complexity="2" crap="2.06" count="2"/>
      <line num="453" type="stmt" count="2"/>
      <line num="454" type="stmt" count="2"/>
      <line num="455" type="stmt" count="0"/>
      <line num="458" type="stmt" count="2"/>
      <line num="466" type="method" name="is_version_outdated" visibility="public" complexity="3" crap="3" count="12"/>
      <line num="467" type="stmt" count="12"/>
      <line num="468" type="stmt" count="12"/>
      <line num="470" type="stmt" count="12"/>
      <line num="479" type="method" name="has_track" visibility="public" complexity="1" crap="1" count="5"/>
      <line num="480" type="stmt" count="5"/>
      <line num="490" type="method" name="has_section" visibility="public" complexity="5" crap="5" count="7"/>
      <line num="491" type="stmt" count="7"/>
      <line num="493" type="stmt" count="4"/>
      <line num="494" type="stmt" count="4"/>
      <line num="498" type="stmt" count="4"/>
      <line num="499" type="stmt" count="4"/>
      <line num="500" type="stmt" count="3"/>
      <line num="503" type="stmt" count="1"/>
      <line num="514" type="method" name="has_task" visibility="public" complexity="14" crap="14.17" count="8"/>
      <line num="515" type="stmt" count="8"/>
      <line num="517" type="stmt" count="1"/>
      <line num="518" type="stmt" count="7"/>
      <line num="520" type="stmt" count="2"/>
      <line num="521" type="stmt" count="2"/>
      <line num="522" type="stmt" count="2"/>
      <line num="523" type="stmt" count="1"/>
      <line num="526" type="stmt" count="1"/>
      <line num="527" type="stmt" count="5"/>
      <line num="529" type="stmt" count="1"/>
      <line num="530" type="stmt" count="1"/>
      <line num="531" type="stmt" count="0"/>
      <line num="533" type="stmt" count="1"/>
      <line num="534" type="stmt" count="1"/>
      <line num="535" type="stmt" count="1"/>
      <line num="538" type="stmt" count="0"/>
      <line num="542" type="stmt" count="4"/>
      <line num="543" type="stmt" count="4"/>
      <line num="544" type="stmt" count="4"/>
      <line num="545" type="stmt" count="3"/>
      <line num="549" type="stmt" count="1"/>
      <line num="561" type="method" name="has_exact_task" visibility="public" complexity="3" crap="3" count="16"/>
      <line num="562" type="stmt" count="16"/>
      <line num="563" type="stmt" count="16"/>
      <line num="564" type="stmt" count="2"/>
      <line num="567" type="stmt" count="14"/>
      <line num="568" type="stmt" count="14"/>
      <line num="569" type="stmt" count="2"/>
      <line num="572" type="stmt" count="13"/>
      <line num="580" type="method" name="validate" visibility="public" complexity="5" crap="30" count="0"/>
      <line num="581" type="stmt" count="0"/>
      <line num="582" type="stmt" count="0"/>
      <line num="585" type="stmt" count="0"/>
      <line num="586" type="stmt" count="0"/>
      <line num="590" type="stmt" count="0"/>
      <line num="591" type="stmt" count="0"/>
      <line num="592" type="stmt" count="0"/>
      <line num="593" type="stmt" count="0"/>
      <line num="597" type="stmt" count="0"/>
      <metrics loc="600" ncloc="362" classes="1" methods="30" coveredmethods="16" conditionals="0" coveredconditionals="0" statements="182" coveredstatements="139" elements="212" coveredelements="155"/>
    </file>
    <file name="/home/runner/work/wp-module-next-steps/wp-module-next-steps/includes/DTOs/Section.php">
      <class name="NewfoldLabs\WP\Module\NextSteps\DTOs\Section" namespace="global">
        <metrics complexity="68" methods="26" coveredmethods="13" conditionals="0" coveredconditionals="0" statements="181" coveredstatements="136" elements="207" coveredelements="149"/>
      </class>
      <line num="115" type="method" name="__construct" visibility="public" complexity="5" crap="5.00" count="103"/>
      <line num="116" type="stmt" count="103"/>
      <line num="117" type="stmt" count="103"/>
      <line num="118" type="stmt" count="103"/>
      <line num="119" type="stmt" count="103"/>
      <line num="120" type="stmt" count="103"/>
      <line num="121" type="stmt" count="103"/>
      <line num="122" type="stmt" count="103"/>
      <line num="123" type="stmt" count="103"/>
      <line num="124" type="stmt" count="103"/>
      <line num="125" type="stmt" count="103"/>
      <line num="126" type="stmt" count="103"/>
      <line num="127" type="stmt" count="103"/>
      <line num="128" type="stmt" count="103"/>
      <line num="129" type="stmt" count="103"/>
      <line num="132" type="stmt" count="103"/>
      <line num="133" type="stmt" count="103"/>
      <line num="134" type="stmt" count="101"/>
      <line num="135" type="stmt" count="0"/>
      <line num="137" type="stmt" count="101"/>
      <line num="148" type="method" name="to_array" visibility="public" complexity="1" crap="1" count="51"/>
      <line num="149" type="stmt" count="51"/>
      <line num="150" type="stmt" count="51"/>
      <line num="151" type="stmt" count="51"/>
      <line num="152" type="stmt" count="51"/>
      <line num="153" type="stmt" count="51"/>
      <line num="154" type="stmt" count="51"/>
      <line num="155" type="stmt" count="51"/>
      <line num="156" type="stmt" count="51"/>
      <line num="157" type="stmt" count="51"/>
      <line num="158" type="stmt" count="51"/>
      <line num="159" type="stmt" count="51"/>
      <line num="160" type="stmt" count="51"/>
      <line num="161" type="stmt" count="51"/>
      <line num="162" type="stmt" count="51"/>
      <line num="163" type="stmt" count="51"/>
      <line num="164" type="stmt" count="51"/>
      <line num="165" type="stmt" count="50"/>
      <line num="166" type="stmt" count="51"/>
      <line num="167" type="stmt" count="51"/>
      <line num="168" type="stmt" count="51"/>
      <line num="169" type="stmt" count="51"/>
      <line num="180" type="method" name="merge_with" visibility="public" complexity="8" crap="8" count="10"/>
      <line num="181" type="stmt" count="10"/>
      <line num="183" type="stmt" count="10"/>
      <line num="184" type="stmt" count="10"/>
      <line num="186" type="stmt" count="10"/>
      <line num="187" type="stmt" count="10"/>
      <line num="189" type="stmt" count="10"/>
      <line num="190" type="stmt" count="10"/>
      <line num="193" type="stmt" count="10"/>
      <line num="194" type="stmt" count="10"/>
      <line num="196" type="stmt" count="9"/>
      <line num="197" type="stmt" count="9"/>
      <line num="198" type="stmt" count="9"/>
      <line num="199" type="stmt" count="9"/>
      <line num="200" type="stmt" count="9"/>
      <line num="203" type="stmt" count="9"/>
      <line num="204" type="stmt" count="9"/>
      <line num="206" type="stmt" count="0"/>
      <line num="209" type="stmt" count="10"/>
      <line num="210" type="stmt" count="10"/>
      <line num="211" type="stmt" count="9"/>
      <line num="212" type="stmt" count="10"/>
      <line num="213" type="stmt" count="10"/>
      <line num="214" type="stmt" count="10"/>
      <line num="215" type="stmt" count="10"/>
      <line num="224" type="method" name="from_array" visibility="public" complexity="1" crap="1" count="92"/>
      <line num="225" type="stmt" count="92"/>
      <line num="234" type="method" name="add_task" visibility="public" complexity="3" crap="12" count="0"/>
      <line num="236" type="stmt" count="0"/>
      <line num="237" type="stmt" count="0"/>
      <line num="238" type="stmt" count="0"/>
      <line num="242" type="stmt" count="0"/>
      <line num="243" type="stmt" count="0"/>
      <line num="244" type="stmt" count="0"/>
      <line num="253" type="method" name="remove_task" visibility="public" complexity="3" crap="12" count="0"/>
      <line num="254" type="stmt" count="0"/>
      <line num="255" type="stmt" count="0"/>
      <line num="256" type="stmt" count="0"/>
      <line num="257" type="stmt" count="0"/>
      <line num="258" type="stmt" count="0"/>
      <line num="261" type="stmt" count="0"/>
      <line num="270" type="method" name="get_task" visibility="public" complexity="3" crap="3" count="23"/>
      <line num="271" type="stmt" count="23"/>
      <line num="272" type="stmt" count="23"/>
      <line num="273" type="stmt" count="18"/>
      <line num="276" type="stmt" count="7"/>
      <line num="286" type="method" name="update_task_status" visibility="public" complexity="3" crap="3.03" count="8"/>
      <line num="287" type="stmt" count="8"/>
      <line num="288" type="stmt" count="8"/>
      <line num="289" type="stmt" count="8"/>
      <line num="290" type="stmt" count="8"/>
      <line num="292" type="stmt" count="8"/>
      <line num="294" type="stmt" count="8"/>
      <line num="296" type="stmt" count="0"/>
      <line num="305" type="method" name="update_status" visibility="public" complexity="5" crap="5.15" count="9"/>
      <line num="306" type="stmt" count="9"/>
      <line num="307" type="stmt" count="0"/>
      <line num="309" type="stmt" count="9"/>
      <line num="311" type="stmt" count="9"/>
      <line num="312" type="stmt" count="9"/>
      <line num="314" type="stmt" count="9"/>
      <line num="315" type="stmt" count="5"/>
      <line num="318" type="stmt" count="9"/>
      <line num="319" type="stmt" count="9"/>
      <line num="323" type="stmt" count="0"/>
      <line num="326" type="stmt" count="9"/>
      <line num="332" type="method" name="set_completed_now" visibility="public" complexity="1" crap="1" count="9"/>
      <line num="333" type="stmt" count="9"/>
      <line num="334" type="stmt" count="9"/>
      <line num="335" type="stmt" count="9"/>
      <line num="341" type="method" name="clear_completed_date" visibility="public" complexity="1" crap="2" count="0"/>
      <line num="342" type="stmt" count="0"/>
      <line num="343" type="stmt" count="0"/>
      <line num="353" type="method" name="mark_all_active_tasks_complete" visibility="public" complexity="4" crap="4" count="5"/>
      <line num="354" type="stmt" count="5"/>
      <line num="355" type="stmt" count="5"/>
      <line num="356" type="stmt" count="5"/>
      <line num="357" type="stmt" count="2"/>
      <line num="358" type="stmt" count="2"/>
      <line num="361" type="stmt" count="5"/>
      <line num="371" type="method" name="mark_all_active_tasks_dismissed" visibility="public" complexity="3" crap="3" count="9"/>
      <line num="372" type="stmt" count="9"/>
      <line num="373" type="stmt" count="9"/>
      <line num="374" type="stmt" count="8"/>
      <line num="375" type="stmt" count="7"/>
      <line num="376" type="stmt" count="7"/>
      <line num="379" type="stmt" count="9"/>
      <line num="390" type="method" name="sync_section_status_with_tasks" visibility="private" complexity="9" crap="16.96" count="8"/>
      <line num="391" type="stmt" count="8"/>
      <line num="392" type="stmt" count="0"/>
      <line num="396" type="stmt" count="8"/>
      <line num="400" type="stmt" count="8"/>
      <line num="401" type="stmt" count="8"/>
      <line num="402" type="stmt" count="0"/>
      <line num="403" type="stmt" count="0"/>
      <line num="404" type="stmt" count="0"/>
      <line num="405" type="stmt" count="0"/>
      <line num="410" type="stmt" count="8"/>
      <line num="412" type="stmt" count="3"/>
      <line num="413" type="stmt" count="5"/>
      <line num="415" type="stmt" count="0"/>
      <line num="423" type="method" name="sort_tasks" visibility="public" complexity="1" crap="2" count="0"/>
      <line num="424" type="stmt" count="0"/>
      <line num="425" type="stmt" count="0"/>
      <line num="426" type="stmt" count="0"/>
      <line num="427" type="stmt" count="0"/>
      <line num="428" type="stmt" count="0"/>
      <line num="429" type="stmt" count="0"/>
      <line num="439" type="method" name="get_completion_percentage" visibility="public" complexity="3" crap="3.01" count="12"/>
      <line num="440" type="stmt" count="12"/>
      <line num="441" type="stmt" count="0"/>
      <line num="445" type="stmt" count="12"/>
      <line num="446" type="stmt" count="12"/>
      <line num="447" type="stmt" count="12"/>
      <line num="448" type="stmt" count="12"/>
      <line num="449" type="stmt" count="12"/>
      <line num="450" type="stmt" count="12"/>
      <line num="452" type="stmt" count="12"/>
      <line num="453" type="stmt" count="0"/>
      <line num="456" type="stmt" count="12"/>
      <line num="457" type="stmt" count="12"/>
      <line num="458" type="stmt" count="12"/>
      <line num="459" type="stmt" count="12"/>
      <line num="460" type="stmt" count="12"/>
      <line num="461" type="stmt" count="12"/>
      <line num="463" type="stmt" count="12"/>
      <line num="471" type="method" name="is_completed" visibility="public" complexity="1" crap="1" count="12"/>
      <line num="472" type="stmt" count="12"/>
      <line num="480" type="method" name="get_completed_tasks_count" visibility="public" complexity="1" crap="1" count="4"/>
      <line num="481" type="stmt" count="4"/>
      <line num="482" type="stmt" count="4"/>
      <line num="483" type="stmt" count="4"/>
      <line num="484" type="stmt" count="4"/>
      <line num="485" type="stmt" count="4"/>
      <line num="486" type="stmt" count="4"/>
      <line num="487" type="stmt" count="4"/>
      <line num="488" type="stmt" count="4"/>
      <line num="496" type="method" name="get_total_tasks_count" visibility="public" complexity="1" crap="1" count="4"/>
      <line num="497" type="stmt" count="4"/>
      <line num="506" type="method" name="set_open" visibility="public" complexity="1" crap="1" count="1"/>
      <line num="507" type="stmt" count="1"/>
      <line num="508" type="stmt" count="1"/>
      <line num="517" type="method" name="set_status" visibility="public" complexity="1" crap="1" count="1"/>
      <line num="518" type="stmt" count="1"/>
      <line num="527" type="method" name="set_date_completed" visibility="public" complexity="1" crap="1" count="9"/>
      <line num="528" type="stmt" count="9"/>
      <line num="529" type="stmt" count="9"/>
      <line num="538" type="method" name="set_completed_by" visibility="public" complexity="1" crap="1" count="1"/>
      <line num="539" type="stmt" count="1"/>
      <line num="540" type="stmt" count="1"/>
      <line num="548" type="method" name="is_open" visibility="public" complexity="1" crap="2" count="0"/>
      <line num="549" type="stmt" count="0"/>
      <line num="557" type="method" name="toggle_open" visibility="public" complexity="1" crap="2" count="0"/>
      <line num="558" type="stmt" count="0"/>
      <line num="559" type="stmt" count="0"/>
      <line num="567" type="method" name="validate" visibility="public" complexity="5" crap="30" count="0"/>
      <line num="568" type="stmt" count="0"/>
      <line num="569" type="stmt" count="0"/>
      <line num="572" type="stmt" count="0"/>
      <line num="573" type="stmt" count="0"/>
      <line num="577" type="stmt" count="0"/>
      <line num="578" type="stmt" count="0"/>
      <line num="579" type="stmt" count="0"/>
      <line num="580" type="stmt" count="0"/>
      <line num="584" type="stmt" count="0"/>
      <metrics loc="587" ncloc="346" classes="1" methods="26" coveredmethods="13" conditionals="0" coveredconditionals="0" statements="181" coveredstatements="136" elements="207" coveredelements="149"/>
    </file>
    <file name="/home/runner/work/wp-module-next-steps/wp-module-next-steps/includes/DTOs/Task.php">
      <class name="NewfoldLabs\WP\Module\NextSteps\DTOs\Task" namespace="global">
        <metrics complexity="22" methods="13" coveredmethods="6" conditionals="0" coveredconditionals="0" statements="47" coveredstatements="28" elements="60" coveredelements="34"/>
      </class>
      <line num="73" type="method" name="__construct" visibility="public" complexity="1" crap="1" count="102"/>
      <line num="74" type="stmt" count="102"/>
      <line num="75" type="stmt" count="102"/>
      <line num="76" type="stmt" count="102"/>
      <line num="77" type="stmt" count="102"/>
      <line num="78" type="stmt" count="102"/>
      <line num="79" type="stmt" count="102"/>
      <line num="80" type="stmt" count="102"/>
      <line num="81" type="stmt" count="102"/>
      <line num="89" type="method" name="to_array" visibility="public" complexity="1" crap="1" count="51"/>
      <line num="90" type="stmt" count="51"/>
      <line num="91" type="stmt" count="51"/>
      <line num="92" type="stmt" count="51"/>
      <line num="93" type="stmt" count="51"/>
      <line num="94" type="stmt" count="51"/>
      <line num="95" type="stmt" count="51"/>
      <line num="96" type="stmt" count="51"/>
      <line num="97" type="stmt" count="51"/>
      <line num="98" type="stmt" count="51"/>
      <line num="99" type="stmt" count="51"/>
      <line num="110" type="method" name="merge_with" visibility="public" complexity="2" crap="2" count="10"/>
      <line num="111" type="stmt" count="10"/>
      <line num="113" type="stmt" count="10"/>
      <line num="114" type="stmt" count="10"/>
      <line num="116" type="stmt" count="10"/>
      <line num="125" type="method" name="from_array" visibility="public" complexity="1" crap="1" count="101"/>
      <line num="126" type="stmt" count="101"/>
      <line num="134" type="method" name="validate" visibility="public" complexity="5" crap="30" count="0"/>
      <line num="135" type="stmt" count="0"/>
      <line num="136" type="stmt" count="0"/>
      <line num="139" type="stmt" count="0"/>
      <line num="140" type="stmt" count="0"/>
      <line num="143" type="stmt" count="0"/>
      <line num="144" type="stmt" count="0"/>
      <line num="147" type="stmt" count="0"/>
      <line num="148" type="stmt" count="0"/>
      <line num="151" type="stmt" count="0"/>
      <line num="160" type="method" name="update_status" visibility="public" complexity="2" crap="2.06" count="18"/>
      <line num="161" type="stmt" count="18"/>
      <line num="162" type="stmt" count="0"/>
      <line num="165" type="stmt" count="18"/>
      <line num="166" type="stmt" count="18"/>
      <line num="175" type="method" name="set_data_attributes" visibility="public" complexity="1" crap="2" count="0"/>
      <line num="176" type="stmt" count="0"/>
      <line num="186" type="method" name="add_data_attribute" visibility="public" complexity="1" crap="2" count="0"/>
      <line num="187" type="stmt" count="0"/>
      <line num="196" type="method" name="remove_data_attribute" visibility="public" complexity="1" crap="2" count="0"/>
      <line num="197" type="stmt" count="0"/>
      <line num="205" type="method" name="get_formatted_data_attributes" visibility="public" complexity="3" crap="12" count="0"/>
      <line num="206" type="stmt" count="0"/>
      <line num="207" type="stmt" count="0"/>
      <line num="209" type="stmt" count="0"/>
      <line num="210" type="stmt" count="0"/>
      <line num="212" type="stmt" count="0"/>
      <line num="220" type="method" name="is_completed" visibility="public" complexity="1" crap="1" count="15"/>
      <line num="221" type="stmt" count="15"/>
      <line num="229" type="method" name="is_dismissed" visibility="public" complexity="1" crap="1" count="22"/>
      <line num="230" type="stmt" count="22"/>
      <line num="238" type="method" name="get_completion_percentage" visibility="public" complexity="2" crap="6" count="0"/>
      <line num="239" type="stmt" count="0"/>
      <metrics loc="242" ncloc="121" classes="1" methods="13" coveredmethods="6" conditionals="0" coveredconditionals="0" statements="47" coveredstatements="28" elements="60" coveredelements="34"/>
    </file>
    <file name="/home/runner/work/wp-module-next-steps/wp-module-next-steps/includes/DTOs/Track.php">
      <class name="NewfoldLabs\WP\Module\NextSteps\DTOs\Track" namespace="global">
        <metrics complexity="50" methods="22" coveredmethods="9" conditionals="0" coveredconditionals="0" statements="116" coveredstatements="76" elements="138" coveredelements="85"/>
      </class>
      <line num="52" type="method" name="__construct" visibility="public" complexity="5" crap="5.03" count="93"/>
      <line num="53" type="stmt" count="93"/>
      <line num="54" type="stmt" count="93"/>
      <line num="55" type="stmt" count="93"/>
      <line num="56" type="stmt" count="93"/>
      <line num="57" type="stmt" count="93"/>
      <line num="60" type="stmt" count="93"/>
      <line num="61" type="stmt" count="93"/>
      <line num="62" type="stmt" count="92"/>
      <line num="63" type="stmt" count="0"/>
      <line num="65" type="stmt" count="92"/>
      <line num="76" type="method" name="to_array" visibility="public" complexity="1" crap="1" count="51"/>
      <line num="77" type="stmt" count="51"/>
      <line num="78" type="stmt" count="51"/>
      <line num="79" type="stmt" count="51"/>
      <line num="80" type="stmt" count="51"/>
      <line num="81" type="stmt" count="51"/>
      <line num="82" type="stmt" count="51"/>
      <line num="83" type="stmt" count="51"/>
      <line num="84" type="stmt" count="50"/>
      <line num="85" type="stmt" count="51"/>
      <line num="86" type="stmt" count="51"/>
      <line num="87" type="stmt" count="51"/>
      <line num="88" type="stmt" count="51"/>
      <line num="99" type="method" name="merge_with" visibility="public" complexity="6" crap="6" count="10"/>
      <line num="100" type="stmt" count="10"/>
      <line num="102" type="stmt" count="10"/>
      <line num="103" type="stmt" count="10"/>
      <line num="106" type="stmt" count="10"/>
      <line num="107" type="stmt" count="10"/>
      <line num="109" type="stmt" count="9"/>
      <line num="110" type="stmt" count="9"/>
      <line num="111" type="stmt" count="9"/>
      <line num="112" type="stmt" count="9"/>
      <line num="113" type="stmt" count="9"/>
      <line num="116" type="stmt" count="9"/>
      <line num="117" type="stmt" count="9"/>
      <line num="119" type="stmt" count="0"/>
      <line num="122" type="stmt" count="10"/>
      <line num="123" type="stmt" count="10"/>
      <line num="124" type="stmt" count="9"/>
      <line num="125" type="stmt" count="10"/>
      <line num="126" type="stmt" count="10"/>
      <line num="127" type="stmt" count="10"/>
      <line num="128" type="stmt" count="10"/>
      <line num="137" type="method" name="from_array" visibility="public" complexity="1" crap="1" count="92"/>
      <line num="138" type="stmt" count="92"/>
      <line num="147" type="method" name="add_section" visibility="public" complexity="3" crap="12" count="0"/>
      <line num="149" type="stmt" count="0"/>
      <line num="150" type="stmt" count="0"/>
      <line num="151" type="stmt" count="0"/>
      <line num="155" type="stmt" count="0"/>
      <line num="156" type="stmt" count="0"/>
      <line num="165" type="method" name="remove_section" visibility="public" complexity="3" crap="12" count="0"/>
      <line num="166" type="stmt" count="0"/>
      <line num="167" type="stmt" count="0"/>
      <line num="168" type="stmt" count="0"/>
      <line num="169" type="stmt" count="0"/>
      <line num="170" type="stmt" count="0"/>
      <line num="173" type="stmt" count="0"/>
      <line num="182" type="method" name="get_section" visibility="public" complexity="3" crap="3" count="28"/>
      <line num="183" type="stmt" count="28"/>
      <line num="184" type="stmt" count="28"/>
      <line num="185" type="stmt" count="24"/>
      <line num="188" type="stmt" count="7"/>
      <line num="197" type="method" name="get_all_tasks" visibility="public" complexity="2" crap="6" count="0"/>
      <line num="198" type="stmt" count="0"/>
      <line num="199" type="stmt" count="0"/>
      <line num="200" type="stmt" count="0"/>
      <line num="202" type="stmt" count="0"/>
      <line num="210" type="method" name="get_completion_percentage" visibility="public" complexity="3" crap="3.04" count="4"/>
      <line num="211" type="stmt" count="4"/>
      <line num="212" type="stmt" count="0"/>
      <line num="215" type="stmt" count="4"/>
      <line num="216" type="stmt" count="4"/>
      <line num="217" type="stmt" count="4"/>
      <line num="220" type="stmt" count="4"/>
      <line num="228" type="method" name="is_completed" visibility="public" complexity="1" crap="1" count="4"/>
      <line num="229" type="stmt" count="4"/>
      <line num="237" type="method" name="get_completed_tasks_count" visibility="public" complexity="2" crap="2" count="4"/>
      <line num="238" type="stmt" count="4"/>
      <line num="239" type="stmt" count="4"/>
      <line num="240" type="stmt" count="4"/>
      <line num="242" type="stmt" count="4"/>
      <line num="250" type="method" name="get_total_tasks_count" visibility="public" complexity="2" crap="2" count="4"/>
      <line num="251" type="stmt" count="4"/>
      <line num="252" type="stmt" count="4"/>
      <line num="253" type="stmt" count="4"/>
      <line num="255" type="stmt" count="4"/>
      <line num="263" type="method" name="get_completed_sections_count" visibility="public" complexity="1" crap="1" count="4"/>
      <line num="264" type="stmt" count="4"/>
      <line num="265" type="stmt" count="4"/>
      <line num="266" type="stmt" count="4"/>
      <line num="267" type="stmt" count="4"/>
      <line num="268" type="stmt" count="4"/>
      <line num="269" type="stmt" count="4"/>
      <line num="270" type="stmt" count="4"/>
      <line num="271" type="stmt" count="4"/>
      <line num="279" type="method" name="get_total_sections_count" visibility="public" complexity="1" crap="1" count="4"/>
      <line num="280" type="stmt" count="4"/>
      <line num="291" type="method" name="update_task_status" visibility="public" complexity="2" crap="2.06" count="8"/>
      <line num="292" type="stmt" count="8"/>
      <line num="293" type="stmt" count="8"/>
      <line num="294" type="stmt" count="0"/>
      <line num="297" type="stmt" count="8"/>
      <line num="307" type="method" name="update_section_open_state" visibility="public" complexity="2" crap="6" count="0"/>
      <line num="308" type="stmt" count="0"/>
      <line num="309" type="stmt" count="0"/>
      <line num="310" type="stmt" count="0"/>
      <line num="313" type="stmt" count="0"/>
      <line num="323" type="method" name="update_section_status" visibility="public" complexity="2" crap="6" count="0"/>
      <line num="324" type="stmt" count="0"/>
      <line num="325" type="stmt" count="0"/>
      <line num="326" type="stmt" count="0"/>
      <line num="329" type="stmt" count="0"/>
      <line num="339" type="method" name="get_task" visibility="public" complexity="2" crap="2.06" count="12"/>
      <line num="340" type="stmt" count="12"/>
      <line num="341" type="stmt" count="12"/>
      <line num="342" type="stmt" count="12"/>
      <line num="344" type="stmt" count="0"/>
      <line num="353" type="method" name="set_open" visibility="public" complexity="1" crap="1" count="2"/>
      <line num="354" type="stmt" count="2"/>
      <line num="355" type="stmt" count="2"/>
      <line num="363" type="method" name="is_open" visibility="public" complexity="1" crap="2" count="0"/>
      <line num="364" type="stmt" count="0"/>
      <line num="372" type="method" name="toggle_open" visibility="public" complexity="1" crap="2" count="0"/>
      <line num="373" type="stmt" count="0"/>
      <line num="374" type="stmt" count="0"/>
      <line num="382" type="method" name="validate" visibility="public" complexity="5" crap="30" count="0"/>
      <line num="383" type="stmt" count="0"/>
      <line num="384" type="stmt" count="0"/>
      <line num="387" type="stmt" count="0"/>
      <line num="388" type="stmt" count="0"/>
      <line num="392" type="stmt" count="0"/>
      <line num="393" type="stmt" count="0"/>
      <line num="394" type="stmt" count="0"/>
      <line num="395" type="stmt" count="0"/>
      <line num="399" type="stmt" count="0"/>
      <metrics loc="402" ncloc="237" classes="1" methods="22" coveredmethods="9" conditionals="0" coveredconditionals="0" statements="116" coveredstatements="76" elements="138" coveredelements="85"/>
    </file>
    <file name="/home/runner/work/wp-module-next-steps/wp-module-next-steps/includes/I18nService.php">
      <class name="NewfoldLabs\WP\Module\NextSteps\I18nService" namespace="global">
        <metrics complexity="6" methods="4" coveredmethods="0" conditionals="0" coveredconditionals="0" statements="34" coveredstatements="0" elements="38" coveredelements="0"/>
      </class>
      <line num="15" type="method" name="__construct" visibility="public" complexity="1" crap="2" count="0"/>
      <line num="16" type="stmt" count="0"/>
      <line num="17" type="stmt" count="0"/>
      <line num="18" type="stmt" count="0"/>
      <line num="19" type="stmt" count="0"/>
      <line num="20" type="stmt" count="0"/>
      <line num="21" type="stmt" count="0"/>
      <line num="22" type="stmt" count="0"/>
      <line num="23" type="stmt" count="0"/>
      <line num="31" type="method" name="add_php_i18n" visibility="public" complexity="1" crap="2" count="0"/>
      <line num="32" type="stmt" count="0"/>
      <line num="33" type="stmt" count="0"/>
      <line num="34" type="stmt" count="0"/>
      <line num="35" type="stmt" count="0"/>
      <line num="36" type="stmt" count="0"/>
      <line num="38" type="stmt" count="0"/>
      <line num="39" type="stmt" count="0"/>
      <line num="40" type="stmt" count="0"/>
      <line num="41" type="stmt" count="0"/>
      <line num="47" type="method" name="add_js_i18n" visibility="public" complexity="1" crap="2" count="0"/>
      <line num="49" type="stmt" count="0"/>
      <line num="50" type="stmt" count="0"/>
      <line num="51" type="stmt" count="0"/>
      <line num="52" type="stmt" count="0"/>
      <line num="53" type="stmt" count="0"/>
      <line num="54" type="stmt" count="0"/>
      <line num="55" type="stmt" count="0"/>
      <line num="56" type="stmt" count="0"/>
      <line num="57" type="stmt" count="0"/>
      <line num="58" type="stmt" count="0"/>
      <line num="72" type="method" name="load_script_translation_file" visibility="public" complexity="3" crap="12" count="0"/>
      <line num="73" type="stmt" count="0"/>
      <line num="74" type="stmt" count="0"/>
      <line num="76" type="stmt" count="0"/>
      <line num="78" type="stmt" count="0"/>
      <line num="79" type="stmt" count="0"/>
      <line num="81" type="stmt" count="0"/>
      <line num="83" type="stmt" count="0"/>
      <metrics loc="86" ncloc="55" classes="1" methods="4" coveredmethods="0" conditionals="0" coveredconditionals="0" statements="34" coveredstatements="0" elements="38" coveredelements="0"/>
    </file>
    <file name="/home/runner/work/wp-module-next-steps/wp-module-next-steps/includes/NextSteps.php">
      <class name="NewfoldLabs\WP\Module\NextSteps\NextSteps" namespace="global">
        <metrics complexity="19" methods="6" coveredmethods="0" conditionals="0" coveredconditionals="0" statements="109" coveredstatements="0" elements="115" coveredelements="0"/>
      </class>
      <line num="48" type="method" name="__construct" visibility="public" complexity="2" crap="6" count="0"/>
      <line num="49" type="stmt" count="0"/>
      <line num="50" type="stmt" count="0"/>
      <line num="51" type="stmt" count="0"/>
      <line num="52" type="stmt" count="0"/>
      <line num="53" type="stmt" count="0"/>
      <line num="55" type="stmt" count="0"/>
      <line num="56" type="stmt" count="0"/>
      <line num="57" type="stmt" count="0"/>
      <line num="60" type="stmt" count="0"/>
      <line num="62" type="stmt" count="0"/>
      <line num="63" type="stmt" count="0"/>
      <line num="64" type="stmt" count="0"/>
      <line num="71" type="method" name="init_steps_apis" visibility="public" complexity="1" crap="2" count="0"/>
      <line num="72" type="stmt" count="0"/>
      <line num="81" type="method" name="add_nfd_subnav" visibility="public" complexity="1" crap="2" count="0"/>
      <line num="82" type="stmt" count="0"/>
      <line num="83" type="stmt" count="0"/>
      <line num="84" type="stmt" count="0"/>
      <line num="85" type="stmt" count="0"/>
      <line num="86" type="stmt" count="0"/>
      <line num="87" type="stmt" count="0"/>
      <line num="88" type="stmt" count="0"/>
      <line num="89" type="stmt" count="0"/>
      <line num="97" type="method" name="render_next_steps_page" visibility="public" complexity="1" crap="2" count="0"/>
      <line num="98" type="stmt" count="0"/>
      <line num="104" type="method" name="nextsteps_widget" visibility="public" complexity="8" crap="72" count="0"/>
      <line num="106" type="stmt" count="0"/>
      <line num="107" type="stmt" count="0"/>
      <line num="109" type="stmt" count="0"/>
      <line num="110" type="stmt" count="0"/>
      <line num="112" type="stmt" count="0"/>
      <line num="115" type="stmt" count="0"/>
      <line num="116" type="stmt" count="0"/>
      <line num="117" type="stmt" count="0"/>
      <line num="118" type="stmt" count="0"/>
      <line num="119" type="stmt" count="0"/>
      <line num="120" type="stmt" count="0"/>
      <line num="121" type="stmt" count="0"/>
      <line num="123" type="stmt" count="0"/>
      <line num="124" type="stmt" count="0"/>
      <line num="125" type="stmt" count="0"/>
      <line num="127" type="stmt" count="0"/>
      <line num="128" type="stmt" count="0"/>
      <line num="129" type="stmt" count="0"/>
      <line num="130" type="stmt" count="0"/>
      <line num="131" type="stmt" count="0"/>
      <line num="132" type="stmt" count="0"/>
      <line num="133" type="stmt" count="0"/>
      <line num="134" type="stmt" count="0"/>
      <line num="135" type="stmt" count="0"/>
      <line num="136" type="stmt" count="0"/>
      <line num="138" type="stmt" count="0"/>
      <line num="139" type="stmt" count="0"/>
      <line num="140" type="stmt" count="0"/>
      <line num="141" type="stmt" count="0"/>
      <line num="142" type="stmt" count="0"/>
      <line num="143" type="stmt" count="0"/>
      <line num="146" type="stmt" count="0"/>
      <line num="147" type="stmt" count="0"/>
      <line num="148" type="stmt" count="0"/>
      <line num="149" type="stmt" count="0"/>
      <line num="151" type="stmt" count="0"/>
      <line num="152" type="stmt" count="0"/>
      <line num="155" type="stmt" count="0"/>
      <line num="156" type="stmt" count="0"/>
      <line num="158" type="stmt" count="0"/>
      <line num="159" type="stmt" count="0"/>
      <line num="160" type="stmt" count="0"/>
      <line num="161" type="stmt" count="0"/>
      <line num="162" type="stmt" count="0"/>
      <line num="169" type="method" name="nextsteps_portal" visibility="public" complexity="6" crap="42" count="0"/>
      <line num="171" type="stmt" count="0"/>
      <line num="172" type="stmt" count="0"/>
      <line num="174" type="stmt" count="0"/>
      <line num="175" type="stmt" count="0"/>
      <line num="177" type="stmt" count="0"/>
      <line num="180" type="stmt" count="0"/>
      <line num="181" type="stmt" count="0"/>
      <line num="182" type="stmt" count="0"/>
      <line num="183" type="stmt" count="0"/>
      <line num="184" type="stmt" count="0"/>
      <line num="185" type="stmt" count="0"/>
      <line num="186" type="stmt" count="0"/>
      <line num="187" type="stmt" count="0"/>
      <line num="189" type="stmt" count="0"/>
      <line num="190" type="stmt" count="0"/>
      <line num="191" type="stmt" count="0"/>
      <line num="194" type="stmt" count="0"/>
      <line num="195" type="stmt" count="0"/>
      <line num="196" type="stmt" count="0"/>
      <line num="197" type="stmt" count="0"/>
      <line num="198" type="stmt" count="0"/>
      <line num="199" type="stmt" count="0"/>
      <line num="200" type="stmt" count="0"/>
      <line num="201" type="stmt" count="0"/>
      <line num="202" type="stmt" count="0"/>
      <line num="203" type="stmt" count="0"/>
      <line num="205" type="stmt" count="0"/>
      <line num="206" type="stmt" count="0"/>
      <line num="207" type="stmt" count="0"/>
      <line num="208" type="stmt" count="0"/>
      <line num="209" type="stmt" count="0"/>
      <line num="210" type="stmt" count="0"/>
      <line num="213" type="stmt" count="0"/>
      <line num="214" type="stmt" count="0"/>
      <line num="215" type="stmt" count="0"/>
      <line num="216" type="stmt" count="0"/>
      <line num="219" type="stmt" count="0"/>
      <line num="220" type="stmt" count="0"/>
      <line num="222" type="stmt" count="0"/>
      <line num="223" type="stmt" count="0"/>
      <line num="224" type="stmt" count="0"/>
      <line num="225" type="stmt" count="0"/>
      <line num="226" type="stmt" count="0"/>
      <metrics loc="230" ncloc="166" classes="1" methods="6" coveredmethods="0" conditionals="0" coveredconditionals="0" statements="109" coveredstatements="0" elements="115" coveredelements="0"/>
    </file>
    <file name="/home/runner/work/wp-module-next-steps/wp-module-next-steps/includes/NextStepsWidget.php">
      <class name="NewfoldLabs\WP\Module\NextSteps\NextStepsWidget" namespace="global">
        <metrics complexity="5" methods="5" coveredmethods="0" conditionals="0" coveredconditionals="0" statements="19" coveredstatements="0" elements="24" coveredelements="0"/>
      </class>
      <line num="27" type="method" name="__construct" visibility="public" complexity="1" crap="2" count="0"/>
      <line num="29" type="stmt" count="0"/>
      <line num="34" type="method" name="init" visibility="public" complexity="1" crap="2" count="0"/>
      <line num="37" type="stmt" count="0"/>
      <line num="38" type="stmt" count="0"/>
      <line num="39" type="stmt" count="0"/>
      <line num="40" type="stmt" count="0"/>
      <line num="41" type="stmt" count="0"/>
      <line num="42" type="stmt" count="0"/>
      <line num="43" type="stmt" count="0"/>
      <line num="44" type="stmt" count="0"/>
      <line num="45" type="stmt" count="0"/>
      <line num="47" type="stmt" count="0"/>
      <line num="53" type="method" name="widget_render" visibility="public" complexity="1" crap="2" count="0"/>
      <line num="54" type="stmt" count="0"/>
      <line num="55" type="stmt" count="0"/>
      <line num="63" type="method" name="assets" visibility="public" complexity="1" crap="2" count="0"/>
      <line num="67" type="stmt" count="0"/>
      <line num="75" type="method" name="add_utm_params" visibility="public" complexity="1" crap="2" count="0"/>
      <line num="76" type="stmt" count="0"/>
      <line num="77" type="stmt" count="0"/>
      <line num="78" type="stmt" count="0"/>
      <line num="79" type="stmt" count="0"/>
      <line num="80" type="stmt" count="0"/>
      <metrics loc="83" ncloc="45" classes="1" methods="5" coveredmethods="0" conditionals="0" coveredconditionals="0" statements="19" coveredstatements="0" elements="24" coveredelements="0"/>
    </file>
    <file name="/home/runner/work/wp-module-next-steps/wp-module-next-steps/includes/PlanFactory.php">
      <class name="NewfoldLabs\WP\Module\NextSteps\PlanFactory" namespace="global">
        <metrics complexity="31" methods="9" coveredmethods="3" conditionals="0" coveredconditionals="0" statements="53" coveredstatements="33" elements="62" coveredelements="36"/>
      </class>
      <line num="52" type="method" name="__construct" visibility="public" complexity="1" crap="2" count="0"/>
      <line num="54" type="stmt" count="0"/>
      <line num="62" type="method" name="load_default_steps" visibility="public" complexity="5" crap="9.29" count="3"/>
      <line num="64" type="stmt" count="3"/>
      <line num="65" type="stmt" count="0"/>
      <line num="69" type="stmt" count="3"/>
      <line num="70" type="stmt" count="3"/>
      <line num="71" type="stmt" count="3"/>
      <line num="75" type="stmt" count="0"/>
      <line num="76" type="stmt" count="0"/>
      <line num="77" type="stmt" count="0"/>
      <line num="78" type="stmt" count="0"/>
      <line num="88" type="method" name="detect_site_type" visibility="public" complexity="3" crap="3.58" count="13"/>
      <line num="90" type="stmt" count="13"/>
      <line num="91" type="stmt" count="0"/>
      <line num="95" type="stmt" count="13"/>
      <line num="96" type="stmt" count="0"/>
      <line num="100" type="stmt" count="13"/>
      <line num="108" type="method" name="is_ecommerce_site" visibility="private" complexity="2" crap="2" count="13"/>
      <line num="109" type="stmt" count="13"/>
      <line num="117" type="method" name="is_corporate_site" visibility="private" complexity="3" crap="3.01" count="13"/>
      <line num="119" type="stmt" count="13"/>
      <line num="120" type="stmt" count="13"/>
      <line num="121" type="stmt" count="13"/>
      <line num="122" type="stmt" count="13"/>
      <line num="123" type="stmt" count="13"/>
      <line num="125" type="stmt" count="13"/>
      <line num="126" type="stmt" count="13"/>
      <line num="127" type="stmt" count="0"/>
      <line num="131" type="stmt" count="13"/>
      <line num="139" type="method" name="determine_site_type" visibility="public" complexity="9" crap="17.23" count="14"/>
      <line num="141" type="stmt" count="14"/>
      <line num="142" type="stmt" count="14"/>
      <line num="143" type="stmt" count="14"/>
      <line num="145" type="stmt" count="14"/>
      <line num="146" type="stmt" count="1"/>
      <line num="150" type="stmt" count="13"/>
      <line num="151" type="stmt" count="13"/>
      <line num="152" type="stmt" count="0"/>
      <line num="154" type="stmt" count="0"/>
      <line num="155" type="stmt" count="0"/>
      <line num="156" type="stmt" count="0"/>
      <line num="157" type="stmt" count="0"/>
      <line num="158" type="stmt" count="0"/>
      <line num="159" type="stmt" count="0"/>
      <line num="164" type="stmt" count="13"/>
      <line num="174" type="method" name="create_plan" visibility="public" complexity="5" crap="5" count="91"/>
      <line num="177" type="stmt" count="91"/>
      <line num="178" type="stmt" count="9"/>
      <line num="182" type="stmt" count="86"/>
      <line num="183" type="stmt" count="4"/>
      <line num="187" type="stmt" count="84"/>
      <line num="188" type="stmt" count="21"/>
      <line num="192" type="stmt" count="65"/>
      <line num="200" type="method" name="load_default_plan" visibility="public" complexity="1" crap="1" count="2"/>
      <line num="201" type="stmt" count="2"/>
      <line num="202" type="stmt" count="2"/>
      <line num="210" type="method" name="get_current_plan_type" visibility="public" complexity="2" crap="6" count="0"/>
      <line num="211" type="stmt" count="0"/>
      <line num="212" type="stmt" count="0"/>
      <line num="213" type="stmt" count="0"/>
      <line num="215" type="stmt" count="0"/>
      <metrics loc="218" ncloc="133" classes="1" methods="9" coveredmethods="3" conditionals="0" coveredconditionals="0" statements="53" coveredstatements="33" elements="62" coveredelements="36"/>
    </file>
    <file name="/home/runner/work/wp-module-next-steps/wp-module-next-steps/includes/PlanRepository.php">
      <class name="NewfoldLabs\WP\Module\NextSteps\PlanRepository" namespace="global">
        <metrics complexity="49" methods="17" coveredmethods="8" conditionals="0" coveredconditionals="0" statements="124" coveredstatements="101" elements="141" coveredelements="109"/>
      </class>
      <line num="51" type="method" name="is_cache_valid" visibility="private" complexity="2" crap="2" count="37"/>
      <line num="52" type="stmt" count="37"/>
      <line num="62" type="method" name="cache_plan" visibility="private" complexity="1" crap="1" count="43"/>
      <line num="63" type="stmt" count="43"/>
      <line num="64" type="stmt" count="43"/>
      <line num="65" type="stmt" count="43"/>
      <line num="73" type="method" name="invalidate_cache" visibility="public" complexity="1" crap="1" count="80"/>
      <line num="74" type="stmt" count="80"/>
      <line num="75" type="stmt" count="80"/>
      <line num="76" type="stmt" count="80"/>
      <line num="84" type="method" name="reset_next_steps_data" visibility="private" complexity="1" crap="2" count="0"/>
      <line num="85" type="stmt" count="0"/>
      <line num="86" type="stmt" count="0"/>
      <line num="94" type="method" name="get_plan_data" visibility="private" complexity="3" crap="3" count="43"/>
      <line num="97" type="stmt" count="43"/>
      <line num="98" type="stmt" count="24"/>
      <line num="101" type="stmt" count="43"/>
      <line num="102" type="stmt" count="43"/>
      <line num="103" type="stmt" count="43"/>
      <line num="104" type="stmt" count="43"/>
      <line num="133" type="method" name="get_current_plan" visibility="public" complexity="11" crap="11.20" count="37"/>
      <line num="135" type="stmt" count="37"/>
      <line num="136" type="stmt" count="25"/>
      <line num="139" type="stmt" count="15"/>
      <line num="140" type="stmt" count="15"/>
      <line num="143" type="stmt" count="15"/>
      <line num="145" type="stmt" count="7"/>
      <line num="146" type="stmt" count="7"/>
      <line num="147" type="stmt" count="7"/>
      <line num="149" type="stmt" count="7"/>
      <line num="150" type="stmt" count="7"/>
      <line num="152" type="stmt" count="8"/>
      <line num="154" type="stmt" count="5"/>
      <line num="155" type="stmt" count="5"/>
      <line num="157" type="stmt" count="2"/>
      <line num="160" type="stmt" count="2"/>
      <line num="162" type="stmt" count="2"/>
      <line num="163" type="stmt" count="2"/>
      <line num="165" type="stmt" count="3"/>
      <line num="167" type="stmt" count="0"/>
      <line num="169" type="stmt" count="0"/>
      <line num="171" type="stmt" count="0"/>
      <line num="173" type="stmt" count="0"/>
      <line num="174" type="stmt" count="5"/>
      <line num="176" type="stmt" count="3"/>
      <line num="179" type="stmt" count="3"/>
      <line num="180" type="stmt" count="3"/>
      <line num="181" type="stmt" count="3"/>
      <line num="183" type="stmt" count="3"/>
      <line num="185" type="stmt" count="3"/>
      <line num="187" type="stmt" count="3"/>
      <line num="188" type="stmt" count="3"/>
      <line num="191" type="stmt" count="15"/>
      <line num="193" type="stmt" count="15"/>
      <line num="195" type="stmt" count="15"/>
      <line num="205" type="method" name="save_plan" visibility="public" complexity="4" crap="4" count="40"/>
      <line num="207" type="stmt" count="40"/>
      <line num="209" type="stmt" count="40"/>
      <line num="210" type="stmt" count="40"/>
      <line num="213" type="stmt" count="40"/>
      <line num="214" type="stmt" count="40"/>
      <line num="217" type="stmt" count="40"/>
      <line num="218" type="stmt" count="37"/>
      <line num="221" type="stmt" count="40"/>
      <line num="233" type="method" name="check_new_plan" visibility="public" complexity="2" crap="2.50" count="40"/>
      <line num="235" type="stmt" count="40"/>
      <line num="238" type="stmt" count="40"/>
      <line num="239" type="stmt" count="0"/>
      <line num="240" type="stmt" count="0"/>
      <line num="241" type="stmt" count="0"/>
      <line num="247" type="stmt" count="40"/>
      <line num="255" type="method" name="is_new_plan" visibility="private" complexity="1" crap="1" count="40"/>
      <line num="256" type="stmt" count="40"/>
      <line num="257" type="stmt" count="40"/>
      <line num="267" type="method" name="switch_plan" visibility="public" complexity="4" crap="4" count="7"/>
      <line num="269" type="stmt" count="7"/>
      <line num="270" type="stmt" count="7"/>
      <line num="272" type="stmt" count="2"/>
      <line num="275" type="stmt" count="5"/>
      <line num="276" type="stmt" count="4"/>
      <line num="279" type="stmt" count="5"/>
      <line num="282" type="stmt" count="5"/>
      <line num="283" type="stmt" count="5"/>
      <line num="295" type="method" name="update_task_status" visibility="public" complexity="3" crap="3.03" count="3"/>
      <line num="296" type="stmt" count="3"/>
      <line num="297" type="stmt" count="3"/>
      <line num="298" type="stmt" count="0"/>
      <line num="300" type="stmt" count="3"/>
      <line num="301" type="stmt" count="3"/>
      <line num="302" type="stmt" count="2"/>
      <line num="304" type="stmt" count="1"/>
      <line num="315" type="method" name="get_task" visibility="public" complexity="2" crap="2.06" count="3"/>
      <line num="316" type="stmt" count="3"/>
      <line num="317" type="stmt" count="3"/>
      <line num="318" type="stmt" count="0"/>
      <line num="320" type="stmt" count="3"/>
      <line num="331" type="method" name="add_task" visibility="public" complexity="3" crap="12" count="0"/>
      <line num="332" type="stmt" count="0"/>
      <line num="333" type="stmt" count="0"/>
      <line num="334" type="stmt" count="0"/>
      <line num="336" type="stmt" count="0"/>
      <line num="337" type="stmt" count="0"/>
      <line num="338" type="stmt" count="0"/>
      <line num="340" type="stmt" count="0"/>
      <line num="348" type="method" name="reset_plan" visibility="public" complexity="1" crap="1" count="2"/>
      <line num="349" type="stmt" count="2"/>
      <line num="351" type="stmt" count="2"/>
      <line num="352" type="stmt" count="2"/>
      <line num="360" type="method" name="get_plan_stats" visibility="public" complexity="2" crap="2.00" count="4"/>
      <line num="361" type="stmt" count="4"/>
      <line num="362" type="stmt" count="4"/>
      <line num="363" type="stmt" count="0"/>
      <line num="365" type="stmt" count="4"/>
      <line num="366" type="stmt" count="4"/>
      <line num="367" type="stmt" count="4"/>
      <line num="368" type="stmt" count="4"/>
      <line num="369" type="stmt" count="4"/>
      <line num="370" type="stmt" count="4"/>
      <line num="371" type="stmt" count="4"/>
      <line num="372" type="stmt" count="4"/>
      <line num="373" type="stmt" count="4"/>
      <line num="385" type="method" name="update_section_state" visibility="public" complexity="5" crap="5.15" count="2"/>
      <line num="386" type="stmt" count="2"/>
      <line num="387" type="stmt" count="2"/>
      <line num="388" type="stmt" count="0"/>
      <line num="390" type="stmt" count="2"/>
      <line num="391" type="stmt" count="2"/>
      <line num="392" type="stmt" count="1"/>
      <line num="393" type="stmt" count="1"/>
      <line num="394" type="stmt" count="1"/>
      <line num="396" type="stmt" count="2"/>
      <line num="397" type="stmt" count="2"/>
      <line num="399" type="stmt" count="0"/>
      <line num="409" type="method" name="update_track_status" visibility="public" complexity="3" crap="3.21" count="2"/>
      <line num="410" type="stmt" count="2"/>
      <line num="411" type="stmt" count="2"/>
      <line num="412" type="stmt" count="0"/>
      <line num="414" type="stmt" count="2"/>
      <line num="415" type="stmt" count="2"/>
      <line num="416" type="stmt" count="2"/>
      <line num="418" type="stmt" count="0"/>
      <metrics loc="421" ncloc="228" classes="1" methods="17" coveredmethods="8" conditionals="0" coveredconditionals="0" statements="124" coveredstatements="101" elements="141" coveredelements="109"/>
    </file>
    <file name="/home/runner/work/wp-module-next-steps/wp-module-next-steps/includes/PlanSwitchTriggers.php">
      <class name="NewfoldLabs\WP\Module\NextSteps\PlanSwitchTriggers" namespace="global">
        <metrics complexity="18" methods="6" coveredmethods="3" conditionals="0" coveredconditionals="0" statements="35" coveredstatements="20" elements="41" coveredelements="23"/>
      </class>
      <line num="26" type="method" name="__construct" visibility="public" complexity="1" crap="1" count="1"/>
      <line num="28" type="stmt" count="1"/>
      <line num="31" type="stmt" count="1"/>
      <line num="34" type="stmt" count="1"/>
      <line num="35" type="stmt" count="1"/>
      <line num="45" type="method" name="on_sitetype_change" visibility="public" complexity="7" crap="7.04" count="8"/>
      <line num="48" type="stmt" count="8"/>
      <line num="49" type="stmt" count="8"/>
      <line num="51" type="stmt" count="0"/>
      <line num="54" type="stmt" count="8"/>
      <line num="55" type="stmt" count="8"/>
      <line num="57" type="stmt" count="8"/>
      <line num="58" type="stmt" count="3"/>
      <line num="62" type="stmt" count="5"/>
      <line num="63" type="stmt" count="2"/>
      <line num="67" type="stmt" count="3"/>
      <line num="70" type="stmt" count="3"/>
      <line num="80" type="method" name="on_woocommerce_activation" visibility="public" complexity="2" crap="2" count="3"/>
      <line num="81" type="stmt" count="3"/>
      <line num="82" type="stmt" count="1"/>
      <line num="86" type="stmt" count="2"/>
      <line num="96" type="method" name="on_language_change" visibility="public" complexity="2" crap="2.15" count="1"/>
      <line num="97" type="stmt" count="1"/>
      <line num="98" type="stmt" count="0"/>
      <line num="100" type="stmt" count="1"/>
      <line num="109" type="method" name="on_locale_switch" visibility="public" complexity="1" crap="1" count="1"/>
      <line num="110" type="stmt" count="1"/>
      <line num="120" type="method" name="resync_next_steps_data" visibility="private" complexity="5" crap="30" count="0"/>
      <line num="122" type="stmt" count="0"/>
      <line num="123" type="stmt" count="0"/>
      <line num="124" type="stmt" count="0"/>
      <line num="125" type="stmt" count="0"/>
      <line num="129" type="stmt" count="0"/>
      <line num="131" type="stmt" count="0"/>
      <line num="133" type="stmt" count="0"/>
      <line num="136" type="stmt" count="0"/>
      <line num="139" type="stmt" count="0"/>
      <line num="142" type="stmt" count="0"/>
      <line num="144" type="stmt" count="0"/>
      <line num="146" type="stmt" count="0"/>
      <line num="148" type="stmt" count="0"/>
      <metrics loc="153" ncloc="85" classes="1" methods="6" coveredmethods="3" conditionals="0" coveredconditionals="0" statements="35" coveredstatements="20" elements="41" coveredelements="23"/>
    </file>
    <file name="/home/runner/work/wp-module-next-steps/wp-module-next-steps/includes/RedirectHelper.php">
      <class name="NewfoldLabs\WP\Module\NextSteps\RedirectHelper" namespace="global">
        <metrics complexity="75" methods="11" coveredmethods="1" conditionals="0" coveredconditionals="0" statements="200" coveredstatements="67" elements="211" coveredelements="68"/>
      </class>
      <line num="41" type="method" name="init" visibility="public" complexity="1" crap="1" count="1"/>
      <line num="43" type="stmt" count="1"/>
      <line num="51" type="method" name="get_partner_plugins" visibility="private" complexity="1" crap="2" count="0"/>
      <line num="52" type="stmt" count="0"/>
      <line num="54" type="stmt" count="0"/>
      <line num="55" type="stmt" count="0"/>
      <line num="56" type="stmt" count="0"/>
      <line num="57" type="stmt" count="0"/>
      <line num="58" type="stmt" count="0"/>
      <line num="59" type="stmt" count="0"/>
      <line num="60" type="stmt" count="0"/>
      <line num="61" type="stmt" count="0"/>
      <line num="62" type="stmt" count="0"/>
      <line num="63" type="stmt" count="0"/>
      <line num="64" type="stmt" count="0"/>
      <line num="65" type="stmt" count="0"/>
      <line num="66" type="stmt" count="0"/>
      <line num="67" type="stmt" count="0"/>
      <line num="68" type="stmt" count="0"/>
      <line num="69" type="stmt" count="0"/>
      <line num="70" type="stmt" count="0"/>
      <line num="71" type="stmt" count="0"/>
      <line num="72" type="stmt" count="0"/>
      <line num="73" type="stmt" count="0"/>
      <line num="74" type="stmt" count="0"/>
      <line num="75" type="stmt" count="0"/>
      <line num="76" type="stmt" count="0"/>
      <line num="77" type="stmt" count="0"/>
      <line num="78" type="stmt" count="0"/>
      <line num="79" type="stmt" count="0"/>
      <line num="80" type="stmt" count="0"/>
      <line num="81" type="stmt" count="0"/>
      <line num="82" type="stmt" count="0"/>
      <line num="83" type="stmt" count="0"/>
      <line num="84" type="stmt" count="0"/>
      <line num="85" type="stmt" count="0"/>
      <line num="86" type="stmt" count="0"/>
      <line num="87" type="stmt" count="0"/>
      <line num="88" type="stmt" count="0"/>
      <line num="89" type="stmt" count="0"/>
      <line num="90" type="stmt" count="0"/>
      <line num="91" type="stmt" count="0"/>
      <line num="92" type="stmt" count="0"/>
      <line num="93" type="stmt" count="0"/>
      <line num="94" type="stmt" count="0"/>
      <line num="95" type="stmt" count="0"/>
      <line num="96" type="stmt" count="0"/>
      <line num="97" type="stmt" count="0"/>
      <line num="98" type="stmt" count="0"/>
      <line num="99" type="stmt" count="0"/>
      <line num="100" type="stmt" count="0"/>
      <line num="106" type="method" name="add_redirect_page" visibility="public" complexity="1" crap="2" count="0"/>
      <line num="107" type="stmt" count="0"/>
      <line num="108" type="stmt" count="0"/>
      <line num="109" type="stmt" count="0"/>
      <line num="110" type="stmt" count="0"/>
      <line num="111" type="stmt" count="0"/>
      <line num="112" type="stmt" count="0"/>
      <line num="113" type="stmt" count="0"/>
      <line num="114" type="stmt" count="0"/>
      <line num="116" type="stmt" count="0"/>
      <line num="142" type="method" name="check_redirect" visibility="public" complexity="8" crap="72" count="0"/>
      <line num="145" type="stmt" count="0"/>
      <line num="146" type="stmt" count="0"/>
      <line num="147" type="stmt" count="0"/>
      <line num="149" type="stmt" count="0"/>
      <line num="157" type="stmt" count="0"/>
      <line num="161" type="stmt" count="0"/>
      <line num="162" type="stmt" count="0"/>
      <line num="163" type="stmt" count="0"/>
      <line num="164" type="stmt" count="0"/>
      <line num="166" type="stmt" count="0"/>
      <line num="167" type="stmt" count="0"/>
      <line num="176" type="method" name="handle_plugin_redirect" visibility="private" complexity="9" crap="90" count="0"/>
      <line num="178" type="stmt" count="0"/>
      <line num="179" type="stmt" count="0"/>
      <line num="180" type="stmt" count="0"/>
      <line num="183" type="stmt" count="0"/>
      <line num="185" type="stmt" count="0"/>
      <line num="186" type="stmt" count="0"/>
      <line num="190" type="stmt" count="0"/>
      <line num="191" type="stmt" count="0"/>
      <line num="193" type="stmt" count="0"/>
      <line num="194" type="stmt" count="0"/>
      <line num="198" type="stmt" count="0"/>
      <line num="199" type="stmt" count="0"/>
      <line num="202" type="stmt" count="0"/>
      <line num="205" type="stmt" count="0"/>
      <line num="208" type="stmt" count="0"/>
      <line num="209" type="stmt" count="0"/>
      <line num="217" type="method" name="handle_template_redirect" visibility="private" complexity="8" crap="72" count="0"/>
      <line num="219" type="stmt" count="0"/>
      <line num="220" type="stmt" count="0"/>
      <line num="221" type="stmt" count="0"/>
      <line num="224" type="stmt" count="0"/>
      <line num="225" type="stmt" count="0"/>
      <line num="226" type="stmt" count="0"/>
      <line num="227" type="stmt" count="0"/>
      <line num="231" type="stmt" count="0"/>
      <line num="233" type="stmt" count="0"/>
      <line num="235" type="stmt" count="0"/>
      <line num="238" type="stmt" count="0"/>
      <line num="242" type="stmt" count="0"/>
      <line num="244" type="stmt" count="0"/>
      <line num="245" type="stmt" count="0"/>
      <line num="248" type="stmt" count="0"/>
      <line num="250" type="stmt" count="0"/>
      <line num="260" type="method" name="check_plugin" visibility="private" complexity="7" crap="56" count="0"/>
      <line num="262" type="stmt" count="0"/>
      <line num="263" type="stmt" count="0"/>
      <line num="266" type="stmt" count="0"/>
      <line num="269" type="stmt" count="0"/>
      <line num="270" type="stmt" count="0"/>
      <line num="275" type="stmt" count="0"/>
      <line num="278" type="stmt" count="0"/>
      <line num="279" type="stmt" count="0"/>
      <line num="281" type="stmt" count="0"/>
      <line num="282" type="stmt" count="0"/>
      <line num="284" type="stmt" count="0"/>
      <line num="288" type="stmt" count="0"/>
      <line num="299" type="method" name="get_template_part_editor_url" visibility="public" complexity="8" crap="8.09" count="2"/>
      <line num="301" type="stmt" count="2"/>
      <line num="302" type="stmt" count="0"/>
      <line num="306" type="stmt" count="2"/>
      <line num="307" type="stmt" count="0"/>
      <line num="311" type="stmt" count="2"/>
      <line num="314" type="stmt" count="2"/>
      <line num="317" type="stmt" count="2"/>
      <line num="319" type="stmt" count="2"/>
      <line num="320" type="stmt" count="2"/>
      <line num="321" type="stmt" count="2"/>
      <line num="322" type="stmt" count="2"/>
      <line num="323" type="stmt" count="2"/>
      <line num="325" type="stmt" count="2"/>
      <line num="326" type="stmt" count="2"/>
      <line num="327" type="stmt" count="2"/>
      <line num="328" type="stmt" count="2"/>
      <line num="329" type="stmt" count="2"/>
      <line num="334" type="stmt" count="2"/>
      <line num="335" type="stmt" count="0"/>
      <line num="339" type="stmt" count="2"/>
      <line num="340" type="stmt" count="2"/>
      <line num="341" type="stmt" count="2"/>
      <line num="342" type="stmt" count="2"/>
      <line num="343" type="stmt" count="2"/>
      <line num="344" type="stmt" count="2"/>
      <line num="345" type="stmt" count="2"/>
      <line num="346" type="stmt" count="2"/>
      <line num="355" type="method" name="get_template_editor_url" visibility="public" complexity="6" crap="6.24" count="1"/>
      <line num="357" type="stmt" count="1"/>
      <line num="358" type="stmt" count="0"/>
      <line num="362" type="stmt" count="1"/>
      <line num="363" type="stmt" count="0"/>
      <line num="367" type="stmt" count="1"/>
      <line num="370" type="stmt" count="1"/>
      <line num="373" type="stmt" count="1"/>
      <line num="374" type="stmt" count="0"/>
      <line num="378" type="stmt" count="1"/>
      <line num="379" type="stmt" count="1"/>
      <line num="380" type="stmt" count="1"/>
      <line num="381" type="stmt" count="1"/>
      <line num="382" type="stmt" count="1"/>
      <line num="383" type="stmt" count="1"/>
      <line num="384" type="stmt" count="1"/>
      <line num="385" type="stmt" count="1"/>
      <line num="393" type="method" name="is_block_theme" visibility="public" complexity="5" crap="5.20" count="4"/>
      <line num="395" type="stmt" count="4"/>
      <line num="396" type="stmt" count="0"/>
      <line num="400" type="stmt" count="4"/>
      <line num="403" type="stmt" count="4"/>
      <line num="405" type="stmt" count="4"/>
      <line num="415" type="method" name="get_active_template_part_slug" visibility="private" complexity="21" crap="41.40" count="2"/>
      <line num="417" type="stmt" count="2"/>
      <line num="418" type="stmt" count="0"/>
      <line num="422" type="stmt" count="2"/>
      <line num="423" type="stmt" count="2"/>
      <line num="425" type="stmt" count="2"/>
      <line num="426" type="stmt" count="0"/>
      <line num="430" type="stmt" count="2"/>
      <line num="431" type="stmt" count="2"/>
      <line num="434" type="stmt" count="2"/>
      <line num="435" type="stmt" count="2"/>
      <line num="438" type="stmt" count="2"/>
      <line num="439" type="stmt" count="2"/>
      <line num="440" type="stmt" count="2"/>
      <line num="441" type="stmt" count="0"/>
      <line num="442" type="stmt" count="0"/>
      <line num="443" type="stmt" count="0"/>
      <line num="445" type="stmt" count="0"/>
      <line num="448" type="stmt" count="2"/>
      <line num="452" type="stmt" count="2"/>
      <line num="454" type="stmt" count="2"/>
      <line num="455" type="stmt" count="2"/>
      <line num="457" type="stmt" count="2"/>
      <line num="459" type="stmt" count="2"/>
      <line num="462" type="stmt" count="2"/>
      <line num="465" type="stmt" count="2"/>
      <line num="466" type="stmt" count="2"/>
      <line num="467" type="stmt" count="0"/>
      <line num="468" type="stmt" count="0"/>
      <line num="469" type="stmt" count="0"/>
      <line num="470" type="stmt" count="0"/>
      <line num="471" type="stmt" count="0"/>
      <line num="472" type="stmt" count="0"/>
      <line num="473" type="stmt" count="0"/>
      <line num="478" type="stmt" count="2"/>
      <line num="481" type="stmt" count="2"/>
      <line num="482" type="stmt" count="0"/>
      <line num="488" type="stmt" count="2"/>
      <line num="489" type="stmt" count="2"/>
      <line num="493" type="stmt" count="2"/>
      <metrics loc="496" ncloc="326" classes="1" methods="11" coveredmethods="1" conditionals="0" coveredconditionals="0" statements="200" coveredstatements="67" elements="211" coveredelements="68"/>
    </file>
    <file name="/home/runner/work/wp-module-next-steps/wp-module-next-steps/includes/StepsApi.php">
      <class name="NewfoldLabs\WP\Module\NextSteps\StepsApi" namespace="global">
        <metrics complexity="64" methods="12" coveredmethods="5" conditionals="0" coveredconditionals="0" statements="378" coveredstatements="103" elements="390" coveredelements="108"/>
      </class>
      <line num="57" type="method" name="__construct" visibility="public" complexity="1" crap="1" count="16"/>
      <line num="58" type="stmt" count="16"/>
      <line num="59" type="stmt" count="16"/>
      <line num="79" type="method" name="register_routes" visibility="public" complexity="7" crap="56" count="0"/>
      <line num="83" type="stmt" count="0"/>
      <line num="84" type="stmt" count="0"/>
      <line num="85" type="stmt" count="0"/>
      <line num="86" type="stmt" count="0"/>
      <line num="87" type="stmt" count="0"/>
      <line num="88" type="stmt" count="0"/>
      <line num="89" type="stmt" count="0"/>
      <line num="90" type="stmt" count="0"/>
      <line num="91" type="stmt" count="0"/>
      <line num="92" type="stmt" count="0"/>
      <line num="93" type="stmt" count="0"/>
      <line num="97" type="stmt" count="0"/>
      <line num="98" type="stmt" count="0"/>
      <line num="99" type="stmt" count="0"/>
      <line num="100" type="stmt" count="0"/>
      <line num="101" type="stmt" count="0"/>
      <line num="102" type="stmt" count="0"/>
      <line num="103" type="stmt" count="0"/>
      <line num="104" type="stmt" count="0"/>
      <line num="105" type="stmt" count="0"/>
      <line num="106" type="stmt" count="0"/>
      <line num="107" type="stmt" count="0"/>
      <line num="111" type="stmt" count="0"/>
      <line num="112" type="stmt" count="0"/>
      <line num="113" type="stmt" count="0"/>
      <line num="114" type="stmt" count="0"/>
      <line num="115" type="stmt" count="0"/>
      <line num="116" type="stmt" count="0"/>
      <line num="117" type="stmt" count="0"/>
      <line num="118" type="stmt" count="0"/>
      <line num="119" type="stmt" count="0"/>
      <line num="120" type="stmt" count="0"/>
      <line num="121" type="stmt" count="0"/>
      <line num="122" type="stmt" count="0"/>
      <line num="123" type="stmt" count="0"/>
      <line num="124" type="stmt" count="0"/>
      <line num="125" type="stmt" count="0"/>
      <line num="126" type="stmt" count="0"/>
      <line num="127" type="stmt" count="0"/>
      <line num="128" type="stmt" count="0"/>
      <line num="129" type="stmt" count="0"/>
      <line num="130" type="stmt" count="0"/>
      <line num="131" type="stmt" count="0"/>
      <line num="132" type="stmt" count="0"/>
      <line num="133" type="stmt" count="0"/>
      <line num="134" type="stmt" count="0"/>
      <line num="135" type="stmt" count="0"/>
      <line num="136" type="stmt" count="0"/>
      <line num="137" type="stmt" count="0"/>
      <line num="138" type="stmt" count="0"/>
      <line num="139" type="stmt" count="0"/>
      <line num="140" type="stmt" count="0"/>
      <line num="141" type="stmt" count="0"/>
      <line num="142" type="stmt" count="0"/>
      <line num="143" type="stmt" count="0"/>
      <line num="144" type="stmt" count="0"/>
      <line num="145" type="stmt" count="0"/>
      <line num="146" type="stmt" count="0"/>
      <line num="147" type="stmt" count="0"/>
      <line num="148" type="stmt" count="0"/>
      <line num="149" type="stmt" count="0"/>
      <line num="150" type="stmt" count="0"/>
      <line num="151" type="stmt" count="0"/>
      <line num="152" type="stmt" count="0"/>
      <line num="153" type="stmt" count="0"/>
      <line num="157" type="stmt" count="0"/>
      <line num="158" type="stmt" count="0"/>
      <line num="159" type="stmt" count="0"/>
      <line num="160" type="stmt" count="0"/>
      <line num="161" type="stmt" count="0"/>
      <line num="162" type="stmt" count="0"/>
      <line num="163" type="stmt" count="0"/>
      <line num="164" type="stmt" count="0"/>
      <line num="165" type="stmt" count="0"/>
      <line num="166" type="stmt" count="0"/>
      <line num="167" type="stmt" count="0"/>
      <line num="171" type="stmt" count="0"/>
      <line num="172" type="stmt" count="0"/>
      <line num="173" type="stmt" count="0"/>
      <line num="174" type="stmt" count="0"/>
      <line num="175" type="stmt" count="0"/>
      <line num="176" type="stmt" count="0"/>
      <line num="177" type="stmt" count="0"/>
      <line num="178" type="stmt" count="0"/>
      <line num="179" type="stmt" count="0"/>
      <line num="180" type="stmt" count="0"/>
      <line num="181" type="stmt" count="0"/>
      <line num="182" type="stmt" count="0"/>
      <line num="183" type="stmt" count="0"/>
      <line num="184" type="stmt" count="0"/>
      <line num="185" type="stmt" count="0"/>
      <line num="186" type="stmt" count="0"/>
      <line num="187" type="stmt" count="0"/>
      <line num="188" type="stmt" count="0"/>
      <line num="189" type="stmt" count="0"/>
      <line num="193" type="stmt" count="0"/>
      <line num="194" type="stmt" count="0"/>
      <line num="195" type="stmt" count="0"/>
      <line num="196" type="stmt" count="0"/>
      <line num="197" type="stmt" count="0"/>
[...]
      <line num="304" type="stmt" count="0"/>
      <line num="305" type="stmt" count="0"/>
      <line num="306" type="stmt" count="0"/>
      <line num="307" type="stmt" count="0"/>
      <line num="315" type="method" name="register_advanced_reviews_hooks_and_validators" visibility="private" complexity="1" crap="2" count="0"/>
      <line num="317" type="stmt" count="0"/>
      <line num="319" type="stmt" count="0"/>
      <line num="320" type="stmt" count="0"/>
      <line num="321" type="stmt" count="0"/>
      <line num="322" type="stmt" count="0"/>
      <line num="330" type="method" name="register_affiliates_hooks_and_validators" visibility="private" complexity="1" crap="2" count="0"/>
      <line num="332" type="stmt" count="0"/>
      <line num="334" type="stmt" count="0"/>
      <line num="335" type="stmt" count="0"/>
      <line num="336" type="stmt" count="0"/>
      <line num="337" type="stmt" count="0"/>
      <line num="345" type="method" name="register_email_templates_hooks_and_validators" visibility="private" complexity="1" crap="2" count="0"/>
      <line num="347" type="stmt" count="0"/>
      <line num="349" type="stmt" count="0"/>
      <line num="350" type="stmt" count="0"/>
      <line num="351" type="stmt" count="0"/>
      <line num="352" type="stmt" count="0"/>
      <line num="368" type="method" name="on_product_creation" visibility="public" complexity="4" crap="4.25" count="2"/>
      <line num="370" type="stmt" count="2"/>
      <line num="371" type="stmt" count="0"/>
      <line num="374" type="stmt" count="2"/>
      <line num="376" type="stmt" count="2"/>
      <line num="385" type="method" name="validate_product_creation_state" visibility="public" complexity="3" crap="12" count="0"/>
      <line num="387" type="stmt" count="0"/>
      <line num="388" type="stmt" count="0"/>
      <line num="392" type="stmt" count="0"/>
      <line num="393" type="stmt" count="0"/>
      <line num="394" type="stmt" count="0"/>
      <line num="395" type="stmt" count="0"/>
      <line num="396" type="stmt" count="0"/>
      <line num="397" type="stmt" count="0"/>
      <line num="398" type="stmt" count="0"/>
      <line num="399" type="stmt" count="0"/>
      <line num="401" type="stmt" count="0"/>
      <line num="411" type="method" name="register_payment_gateway_hooks" visibility="public" complexity="5" crap="30" count="0"/>
      <line num="413" type="stmt" count="0"/>
      <line num="414" type="stmt" count="0"/>
      <line num="418" type="stmt" count="0"/>
      <line num="419" type="stmt" count="0"/>
      <line num="420" type="stmt" count="0"/>
      <line num="423" type="stmt" count="0"/>
      <line num="426" type="stmt" count="0"/>
      <line num="427" type="stmt" count="0"/>
      <line num="428" type="stmt" count="0"/>
      <line num="441" type="method" name="validate_payment_setup_state" visibility="public" complexity="1" crap="1" count="2"/>
      <line num="442" type="stmt" count="2"/>
      <line num="455" type="method" name="on_product_published" visibility="public" complexity="3" crap="3" count="2"/>
      <line num="457" type="stmt" count="2"/>
      <line num="459" type="stmt" count="1"/>
      <line num="470" type="method" name="on_payment_gateway_updated" visibility="public" complexity="4" crap="6.00" count="1"/>
      <line num="472" type="stmt" count="1"/>
      <line num="473" type="stmt" count="0"/>
      <line num="477" type="stmt" count="1"/>
      <line num="479" type="stmt" count="0"/>
      <line num="496" type="method" name="on_blog_post_published" visibility="public" complexity="4" crap="4" count="2"/>
      <line num="498" type="stmt" count="2"/>
      <line num="500" type="stmt" count="2"/>
      <line num="501" type="stmt" count="1"/>
      <line num="505" type="stmt" count="1"/>
      <line num="514" type="method" name="validate_blog_post_creation_state" visibility="public" complexity="4" crap="4.00" count="2"/>
      <line num="516" type="stmt" count="2"/>
      <line num="517" type="stmt" count="2"/>
      <line num="518" type="stmt" count="2"/>
      <line num="519" type="stmt" count="2"/>
      <line num="520" type="stmt" count="2"/>
      <line num="521" type="stmt" count="2"/>
      <line num="522" type="stmt" count="2"/>
      <line num="523" type="stmt" count="2"/>
      <line num="524" type="stmt" count="2"/>
      <line num="525" type="stmt" count="2"/>
      <line num="528" type="stmt" count="2"/>
      <line num="529" type="stmt" count="1"/>
      <line num="533" type="stmt" count="2"/>
      <line num="534" type="stmt" count="0"/>
      <line num="538" type="stmt" count="2"/>
      <line num="539" type="stmt" count="2"/>
      <line num="553" type="method" name="is_hello_world_post" visibility="private" complexity="3" crap="3" count="2"/>
      <line num="555" type="stmt" count="2"/>
      <line num="556" type="stmt" count="2"/>
      <line num="559" type="stmt" count="1"/>
      <line num="560" type="stmt" count="1"/>
      <line num="562" type="stmt" count="1"/>
      <line num="578" type="method" name="on_gift_card_published" visibility="public" complexity="3" crap="3" count="1"/>
      <line num="580" type="stmt" count="1"/>
      <line num="582" type="stmt" count="1"/>
      <line num="591" type="method" name="validate_gift_card_creation_state" visibility="public" complexity="1" crap="1" count="1"/>
      <line num="593" type="stmt" count="1"/>
      <line num="594" type="stmt" count="1"/>
      <line num="595" type="stmt" count="1"/>
      <line num="596" type="stmt" count="1"/>
      <line num="597" type="stmt" count="1"/>
      <line num="598" type="stmt" count="1"/>
      <line num="599" type="stmt" count="1"/>
      <line num="600" type="stmt" count="1"/>
      <line num="602" type="stmt" count="1"/>
      <line num="618" type="method" name="on_welcome_popup_published" visibility="public" complexity="3" crap="3" count="1"/>
      <line num="620" type="stmt" count="1"/>
      <line num="622" type="stmt" count="1"/>
      <line num="631" type="method" name="validate_welcome_popup_creation_state" visibility="public" complexity="1" crap="1" count="1"/>
      <line num="633" type="stmt" count="1"/>
      <line num="634" type="stmt" count="1"/>
      <line num="635" type="stmt" count="1"/>
      <line num="636" type="stmt" count="1"/>
      <line num="637" type="stmt" count="1"/>
      <line num="638" type="stmt" count="1"/>
      <line num="639" type="stmt" count="1"/>
      <line num="640" type="stmt" count="1"/>
      <line num="642" type="stmt" count="1"/>
      <line num="656" type="method" name="on_logo_updated" visibility="public" complexity="4" crap="4.13" count="2"/>
      <line num="658" type="stmt" count="2"/>
      <line num="661" type="stmt" count="2"/>
      <line num="664" type="stmt" count="2"/>
      <line num="667" type="stmt" count="2"/>
      <line num="668" type="stmt" count="0"/>
      <line num="671" type="stmt" count="2"/>
      <line num="672" type="stmt" count="0"/>
      <line num="677" type="stmt" count="2"/>
      <line num="678" type="stmt" count="2"/>
      <line num="679" type="stmt" count="2"/>
      <line num="687" type="method" name="check_template_for_logo" visibility="public" complexity="5" crap="30" count="0"/>
      <line num="689" type="stmt" count="0"/>
      <line num="690" type="stmt" count="0"/>
      <line num="691" type="stmt" count="0"/>
      <line num="692" type="stmt" count="0"/>
      <line num="696" type="stmt" count="0"/>
      <line num="704" type="method" name="validate_logo_upload_state" visibility="public" complexity="3" crap="3.03" count="2"/>
      <line num="706" type="stmt" count="2"/>
      <line num="707" type="stmt" count="2"/>
      <line num="708" type="stmt" count="2"/>
      <line num="712" type="stmt" count="1"/>
      <line num="713" type="stmt" count="1"/>
      <line num="714" type="stmt" count="0"/>
      <line num="718" type="stmt" count="1"/>
      <line num="732" type="method" name="on_jetpack_connected" visibility="public" complexity="3" crap="6.28" count="1"/>
      <line num="734" type="stmt" count="1"/>
      <line num="735" type="stmt" count="0"/>
      <line num="736" type="stmt" count="0"/>
      <line num="737" type="stmt" count="0"/>
      <line num="741" type="stmt" count="1"/>
      <line num="742" type="stmt" count="0"/>
      <line num="743" type="stmt" count="0"/>
      <line num="754" type="method" name="on_jetpack_boost_activation" visibility="public" complexity="3" crap="3.71" count="2"/>
      <line num="756" type="stmt" count="2"/>
      <line num="757" type="stmt" count="1"/>
      <line num="761" type="stmt" count="1"/>
      <line num="762" type="stmt" count="1"/>
      <line num="766" type="stmt" count="0"/>
      <line num="767" type="stmt" count="0"/>
      <line num="768" type="stmt" count="0"/>
      <line num="779" type="method" name="on_jetpack_module_activated" visibility="public" complexity="5" crap="6.14" count="2"/>
      <line num="781" type="stmt" count="2"/>
      <line num="782" type="stmt" count="2"/>
      <line num="783" type="stmt" count="2"/>
      <line num="784" type="stmt" count="2"/>
      <line num="785" type="stmt" count="2"/>
      <line num="786" type="stmt" count="2"/>
      <line num="787" type="stmt" count="2"/>
      <line num="790" type="stmt" count="2"/>
      <line num="791" type="stmt" count="0"/>
      <line num="792" type="stmt" count="0"/>
      <line num="793" type="stmt" count="0"/>
      <line num="797" type="stmt" count="2"/>
      <line num="798" type="stmt" count="0"/>
      <line num="799" type="stmt" count="0"/>
      <line num="810" type="method" name="on_jetpack_boost_activated" visibility="public" complexity="2" crap="2.86" count="1"/>
      <line num="812" type="stmt" count="1"/>
      <line num="813" type="stmt" count="1"/>
      <line num="817" type="stmt" count="0"/>
      <line num="818" type="stmt" count="0"/>
      <line num="819" type="stmt" count="0"/>
      <line num="827" type="method" name="validate_jetpack_performance_state" visibility="public" complexity="1" crap="2" count="0"/>
      <line num="828" type="stmt" count="0"/>
      <line num="836" type="method" name="validate_jetpack_stats_state" visibility="public" complexity="1" crap="2" count="0"/>
      <line num="837" type="stmt" count="0"/>
      <line num="847" type="method" name="is_jetpack_connected" visibility="private" complexity="6" crap="42" count="0"/>
      <line num="849" type="stmt" count="0"/>
      <line num="850" type="stmt" count="0"/>
      <line num="854" type="stmt" count="0"/>
      <line num="855" type="stmt" count="0"/>
      <line num="859" type="stmt" count="0"/>
      <line num="860" type="stmt" count="0"/>
      <line num="864" type="stmt" count="0"/>
      <line num="865" type="stmt" count="0"/>
      <line num="868" type="stmt" count="0"/>
      <line num="878" type="method" name="is_jetpack_performance_ready" visibility="private" complexity="3" crap="12" count="0"/>
      <line num="880" type="stmt" count="0"/>
      <line num="881" type="stmt" count="0"/>
      <line num="885" type="stmt" count="0"/>
      <line num="895" type="method" name="is_jetpack_stats_ready" visibility="private" complexity="3" crap="12" count="0"/>
      <line num="897" type="stmt" count="0"/>
      <line num="898" type="stmt" count="0"/>
      <line num="902" type="stmt" count="0"/>
      <line num="903" type="stmt" count="0"/>
      <line num="907" type="stmt" count="0"/>
      <line num="921" type="method" name="on_yoast_premium_activation" visibility="public" complexity="2" crap="2" count="2"/>
      <line num="923" type="stmt" count="2"/>
      <line num="924" type="stmt" count="2"/>
      <line num="925" type="stmt" count="2"/>
      <line num="926" type="stmt" count="2"/>
      <line num="927" type="stmt" count="2"/>
      <line num="929" type="stmt" count="2"/>
      <line num="930" type="stmt" count="1"/>
      <line num="934" type="stmt" count="1"/>
      <line num="935" type="stmt" count="1"/>
      <line num="946" type="method" name="validate_yoast_premium_state" visibility="public" complexity="3" crap="12" count="0"/>
      <line num="947" type="stmt" count="0"/>
      <line num="948" type="stmt" count="0"/>
      <line num="949" type="stmt" count="0"/>
      <line num="950" type="stmt" count="0"/>
      <line num="951" type="stmt" count="0"/>
      <line num="953" type="stmt" count="0"/>
      <line num="954" type="stmt" count="0"/>
      <line num="955" type="stmt" count="0"/>
      <line num="959" type="stmt" count="0"/>
      <line num="973" type="method" name="on_advanced_reviews_activation" visibility="public" complexity="2" crap="2.15" count="1"/>
      <line num="975" type="stmt" count="1"/>
      <line num="976" type="stmt" count="0"/>
      <line num="980" type="stmt" count="1"/>
      <line num="988" type="method" name="validate_advanced_reviews_state" visibility="public" complexity="1" crap="1" count="2"/>
      <line num="989" type="stmt" count="2"/>
      <line num="1003" type="method" name="on_affiliates_activation" visibility="public" complexity="2" crap="2.15" count="1"/>
      <line num="1005" type="stmt" count="1"/>
      <line num="1006" type="stmt" count="0"/>
      <line num="1010" type="stmt" count="1"/>
      <line num="1018" type="method" name="validate_affiliates_state" visibility="public" complexity="1" crap="1" count="2"/>
      <line num="1019" type="stmt" count="2"/>
      <line num="1033" type="method" name="on_email_templates_activation" visibility="public" complexity="2" crap="2.15" count="1"/>
      <line num="1035" type="stmt" count="1"/>
      <line num="1036" type="stmt" count="0"/>
      <line num="1040" type="stmt" count="1"/>
      <line num="1048" type="method" name="validate_email_templates_state" visibility="public" complexity="1" crap="1" count="2"/>
      <line num="1049" type="stmt" count="2"/>
      <line num="1062" type="method" name="mark_task_as_complete_by_path" visibility="public" complexity="2" crap="2" count="2"/>
      <line num="1063" type="stmt" count="2"/>
      <line num="1064" type="stmt" count="2"/>
      <line num="1065" type="stmt" count="1"/>
      <line num="1068" type="stmt" count="1"/>
      <line num="1069" type="stmt" count="1"/>
      <line num="1084" type="method" name="mark_task_as_complete" visibility="public" complexity="5" crap="5.39" count="1"/>
      <line num="1085" type="stmt" count="1"/>
      <line num="1086" type="stmt" count="1"/>
      <line num="1087" type="stmt" count="0"/>
      <line num="1091" type="stmt" count="1"/>
      <line num="1092" type="stmt" count="1"/>
      <line num="1093" type="stmt" count="0"/>
      <line num="1097" type="stmt" count="1"/>
      <line num="1098" type="stmt" count="1"/>
      <line num="1099" type="stmt" count="1"/>
      <line num="1102" type="stmt" count="0"/>
      <line num="1106" type="stmt" count="1"/>
      <line num="1107" type="stmt" count="1"/>
      <line num="1118" type="method" name="is_current_plan_for_task" visibility="private" complexity="4" crap="4.32" count="1"/>
      <line num="1119" type="stmt" count="1"/>
      <line num="1120" type="stmt" count="1"/>
      <line num="1121" type="stmt" count="0"/>
      <line num="1125" type="stmt" count="1"/>
      <line num="1126" type="stmt" count="1"/>
      <line num="1127" type="stmt" count="0"/>
      <line num="1130" type="stmt" count="1"/>
      <line num="1133" type="stmt" count="1"/>
      <line num="1134" type="stmt" count="0"/>
      <line num="1137" type="stmt" count="1"/>
      <line num="1139" type="stmt" count="1"/>
      <line num="1148" type="method" name="get_plan_type_from_task_path" visibility="private" complexity="2" crap="2.03" count="1"/>
      <line num="1150" type="stmt" count="1"/>
      <line num="1151" type="stmt" count="1"/>
      <line num="1152" type="stmt" count="0"/>
      <line num="1155" type="stmt" count="1"/>
      <line num="1158" type="stmt" count="1"/>
      <line num="1169" type="method" name="mark_task_complete_if_plan_matches" visibility="private" complexity="2" crap="2" count="1"/>
      <line num="1170" type="stmt" count="1"/>
      <line num="1171" type="stmt" count="1"/>
      <line num="1174" type="stmt" count="1"/>
      <metrics loc="1177" ncloc="662" classes="1" methods="51" coveredmethods="14" conditionals="0" coveredconditionals="0" statements="320" coveredstatements="137" elements="371" coveredelements="151"/>
    </file>
    <file name="/home/runner/work/wp-module-next-steps/wp-module-next-steps/includes/TaskStateValidator.php">
      <class name="NewfoldLabs\WP\Module\NextSteps\TaskStateValidator" namespace="global">
        <metrics complexity="15" methods="5" coveredmethods="2" conditionals="0" coveredconditionals="0" statements="28" coveredstatements="25" elements="33" coveredelements="27"/>
      </class>
      <line num="37" type="method" name="register_validator" visibility="public" complexity="1" crap="1" count="10"/>
      <line num="38" type="stmt" count="10"/>
      <line num="50" type="method" name="validate_existing_state" visibility="public" complexity="11" crap="11" count="49"/>
      <line num="51" type="stmt" count="49"/>
      <line num="53" type="stmt" count="49"/>
      <line num="55" type="stmt" count="8"/>
      <line num="56" type="stmt" count="8"/>
      <line num="57" type="stmt" count="1"/>
      <line num="60" type="stmt" count="8"/>
      <line num="63" type="stmt" count="8"/>
      <line num="64" type="stmt" count="1"/>
      <line num="68" type="stmt" count="8"/>
      <line num="69" type="stmt" count="1"/>
      <line num="72" type="stmt" count="7"/>
      <line num="73" type="stmt" count="7"/>
      <line num="74" type="stmt" count="1"/>
      <line num="79" type="stmt" count="6"/>
      <line num="81" type="stmt" count="6"/>
      <line num="83" type="stmt" count="5"/>
      <line num="85" type="stmt" count="5"/>
      <line num="86" type="stmt" count="5"/>
      <line num="87" type="stmt" count="5"/>
      <line num="88" type="stmt" count="5"/>
      <line num="89" type="stmt" count="1"/>
      <line num="92" type="stmt" count="6"/>
      <line num="95" type="stmt" count="1"/>
      <line num="101" type="stmt" count="49"/>
      <line num="110" type="method" name="get_registered_validators" visibility="public" complexity="1" crap="2" count="0"/>
      <line num="111" type="stmt" count="0"/>
      <line num="119" type="method" name="clear_validators" visibility="public" complexity="1" crap="2" count="0"/>
      <line num="120" type="stmt" count="0"/>
      <line num="128" type="method" name="get_validator_count" visibility="public" complexity="1" crap="2" count="0"/>
      <line num="129" type="stmt" count="0"/>
      <metrics loc="132" ncloc="73" classes="1" methods="5" coveredmethods="2" conditionals="0" coveredconditionals="0" statements="28" coveredstatements="25" elements="33" coveredelements="27"/>
    </file>
    <file name="/home/runner/work/wp-module-next-steps/wp-module-next-steps/includes/views/next-steps.php">
      <line num="14" type="stmt" count="0"/>
      <line num="16" type="stmt" count="0"/>
      <line num="17" type="stmt" count="0"/>
      <line num="20" type="stmt" count="0"/>
      <line num="21" type="stmt" count="0"/>
      <line num="22" type="stmt" count="0"/>
      <line num="23" type="stmt" count="0"/>
      <line num="24" type="stmt" count="0"/>
      <line num="25" type="stmt" count="0"/>
      <line num="26" type="stmt" count="0"/>
      <line num="27" type="stmt" count="0"/>
      <metrics loc="58" ncloc="49" classes="0" methods="0" coveredmethods="0" conditionals="0" coveredconditionals="0" statements="11" coveredstatements="0" elements="11" coveredelements="0"/>
    </file>
    <metrics files="15" loc="5784" ncloc="3431" classes="14" methods="217" coveredmethods="80" conditionals="0" coveredconditionals="0" statements="1837" coveredstatements="865" elements="2054" coveredelements="945"/>
  </project>
</coverage>
